{"/home/travis/build/npmtest/node-npmtest-grunt-contrib-jasmine/test.js":{"path":"/home/travis/build/npmtest/node-npmtest-grunt-contrib-jasmine/test.js","s":{"1":2,"2":2,"3":2,"4":2,"5":2,"6":2,"7":2,"8":1,"9":2,"10":2,"11":1,"12":1,"13":1,"14":1,"15":2,"16":2,"17":2,"18":2,"19":1,"20":1,"21":2,"22":2,"23":2,"24":1,"25":1,"26":1,"27":1,"28":1,"29":1,"30":1,"31":1,"32":1,"33":1,"34":1,"35":1,"36":1,"37":1,"38":1,"39":2,"40":2,"41":1,"42":2,"43":2,"44":1,"45":2,"46":2,"47":1,"48":2,"49":2,"50":1,"51":1,"52":1,"53":1,"54":1},"b":{"1":[2,1,1,1],"2":[1,1,1,1],"3":[1,1],"4":[1,1],"5":[1,1],"6":[1,1],"7":[1,1],"8":[1,1],"9":[1,1],"10":[1,1,1],"11":[1,1],"12":[1,1],"13":[1,1],"14":[1,1],"15":[1,1],"16":[1,1],"17":[1,1]},"f":{"1":2,"2":2,"3":2,"4":2,"5":2,"6":1,"7":1,"8":1,"9":2,"10":2,"11":2,"12":2,"13":1},"fnMap":{"1":{"name":"(anonymous_1)","line":12,"loc":{"start":{"line":12,"column":1},"end":{"line":12,"column":13}}},"2":{"name":"(anonymous_2)","line":19,"loc":{"start":{"line":19,"column":5},"end":{"line":19,"column":17}}},"3":{"name":"(anonymous_3)","line":23,"loc":{"start":{"line":23,"column":24},"end":{"line":23,"column":36}}},"4":{"name":"(anonymous_4)","line":61,"loc":{"start":{"line":61,"column":5},"end":{"line":61,"column":17}}},"5":{"name":"(anonymous_5)","line":82,"loc":{"start":{"line":82,"column":5},"end":{"line":82,"column":17}}},"6":{"name":"(anonymous_6)","line":91,"loc":{"start":{"line":91,"column":77},"end":{"line":94,"column":10}}},"7":{"name":"(anonymous_7)","line":112,"loc":{"start":{"line":112,"column":83},"end":{"line":115,"column":10}},"skip":true},"8":{"name":"(anonymous_8)","line":123,"loc":{"start":{"line":123,"column":77},"end":{"line":126,"column":10}},"skip":true},"9":{"name":"(anonymous_9)","line":139,"loc":{"start":{"line":139,"column":12},"end":{"line":139,"column":40}},"skip":true},"10":{"name":"(anonymous_10)","line":147,"loc":{"start":{"line":147,"column":77},"end":{"line":150,"column":10}},"skip":true},"11":{"name":"(anonymous_11)","line":158,"loc":{"start":{"line":158,"column":83},"end":{"line":161,"column":10}},"skip":true},"12":{"name":"(anonymous_12)","line":169,"loc":{"start":{"line":169,"column":79},"end":{"line":172,"column":10}},"skip":true},"13":{"name":"(anonymous_13)","line":180,"loc":{"start":{"line":180,"column":75},"end":{"line":183,"column":10}},"skip":true}},"statementMap":{"1":{"start":{"line":12,"column":0},"end":{"line":195,"column":5}},"2":{"start":{"line":14,"column":4},"end":{"line":14,"column":14}},"3":{"start":{"line":19,"column":4},"end":{"line":56,"column":9}},"4":{"start":{"line":21,"column":8},"end":{"line":21,"column":19}},"5":{"start":{"line":23,"column":8},"end":{"line":35,"column":13}},"6":{"start":{"line":24,"column":12},"end":{"line":34,"column":13}},"7":{"start":{"line":25,"column":16},"end":{"line":28,"column":30}},"8":{"start":{"line":30,"column":16},"end":{"line":33,"column":27}},"9":{"start":{"line":37,"column":8},"end":{"line":39,"column":21}},"10":{"start":{"line":40,"column":8},"end":{"line":53,"column":9}},"11":{"start":{"line":43,"column":12},"end":{"line":46,"column":14}},"12":{"start":{"line":47,"column":12},"end":{"line":47,"column":18}},"13":{"start":{"line":50,"column":12},"end":{"line":51,"column":46}},"14":{"start":{"line":52,"column":12},"end":{"line":52,"column":18}},"15":{"start":{"line":55,"column":8},"end":{"line":55,"column":35}},"16":{"start":{"line":61,"column":4},"end":{"line":63,"column":9}},"17":{"start":{"line":62,"column":8},"end":{"line":62,"column":15}},"18":{"start":{"line":64,"column":4},"end":{"line":77,"column":5}},"19":{"start":{"line":70,"column":8},"end":{"line":70,"column":14}},"20":{"start":{"line":76,"column":8},"end":{"line":76,"column":14}},"21":{"start":{"line":82,"column":4},"end":{"line":84,"column":9}},"22":{"start":{"line":83,"column":8},"end":{"line":83,"column":15}},"23":{"start":{"line":85,"column":4},"end":{"line":194,"column":5}},"24":{"start":{"line":91,"column":8},"end":{"line":99,"column":10}},"25":{"start":{"line":98,"column":12},"end":{"line":98,"column":35}},"26":{"start":{"line":102,"column":8},"end":{"line":104,"column":63}},"27":{"start":{"line":105,"column":8},"end":{"line":105,"column":14}},"28":{"start":{"line":112,"column":8},"end":{"line":121,"column":10},"skip":true},"29":{"start":{"line":119,"column":12},"end":{"line":119,"column":55},"skip":true},"30":{"start":{"line":120,"column":12},"end":{"line":120,"column":48},"skip":true},"31":{"start":{"line":123,"column":8},"end":{"line":136,"column":10},"skip":true},"32":{"start":{"line":130,"column":12},"end":{"line":130,"column":76},"skip":true},"33":{"start":{"line":131,"column":12},"end":{"line":131,"column":73},"skip":true},"34":{"start":{"line":132,"column":12},"end":{"line":132,"column":74},"skip":true},"35":{"start":{"line":133,"column":12},"end":{"line":133,"column":79},"skip":true},"36":{"start":{"line":134,"column":12},"end":{"line":134,"column":25},"skip":true},"37":{"start":{"line":135,"column":12},"end":{"line":135,"column":45},"skip":true},"38":{"start":{"line":138,"column":8},"end":{"line":145,"column":14},"skip":true},"39":{"start":{"line":143,"column":16},"end":{"line":143,"column":29},"skip":true},"40":{"start":{"line":144,"column":16},"end":{"line":144,"column":55},"skip":true},"41":{"start":{"line":147,"column":8},"end":{"line":156,"column":10},"skip":true},"42":{"start":{"line":154,"column":12},"end":{"line":154,"column":25},"skip":true},"43":{"start":{"line":155,"column":12},"end":{"line":155,"column":45},"skip":true},"44":{"start":{"line":158,"column":8},"end":{"line":167,"column":10},"skip":true},"45":{"start":{"line":165,"column":12},"end":{"line":165,"column":25},"skip":true},"46":{"start":{"line":166,"column":12},"end":{"line":166,"column":48},"skip":true},"47":{"start":{"line":169,"column":8},"end":{"line":178,"column":10},"skip":true},"48":{"start":{"line":176,"column":12},"end":{"line":176,"column":25},"skip":true},"49":{"start":{"line":177,"column":12},"end":{"line":177,"column":46},"skip":true},"50":{"start":{"line":180,"column":8},"end":{"line":189,"column":10},"skip":true},"51":{"start":{"line":187,"column":12},"end":{"line":187,"column":94},"skip":true},"52":{"start":{"line":188,"column":12},"end":{"line":188,"column":48},"skip":true},"53":{"start":{"line":192,"column":8},"end":{"line":192,"column":35},"skip":true},"54":{"start":{"line":193,"column":8},"end":{"line":193,"column":14},"skip":true}},"branchMap":{"1":{"line":25,"type":"binary-expr","locations":[{"start":{"line":25,"column":23},"end":{"line":25,"column":62}},{"start":{"line":26,"column":20},"end":{"line":26,"column":70}},{"start":{"line":27,"column":20},"end":{"line":27,"column":71}},{"start":{"line":28,"column":20},"end":{"line":28,"column":29}}]},"2":{"line":30,"type":"binary-expr","locations":[{"start":{"line":30,"column":23},"end":{"line":30,"column":37}},{"start":{"line":31,"column":20},"end":{"line":31,"column":61}},{"start":{"line":32,"column":20},"end":{"line":32,"column":70}},{"start":{"line":33,"column":20},"end":{"line":33,"column":26}}]},"3":{"line":37,"type":"cond-expr","locations":[{"start":{"line":38,"column":14},"end":{"line":38,"column":20}},{"start":{"line":39,"column":14},"end":{"line":39,"column":20}}]},"4":{"line":40,"type":"switch","locations":[{"start":{"line":42,"column":8},"end":{"line":47,"column":18}},{"start":{"line":49,"column":8},"end":{"line":52,"column":18}}]},"5":{"line":44,"type":"binary-expr","locations":[{"start":{"line":44,"column":16},"end":{"line":44,"column":44}},{"start":{"line":44,"column":48},"end":{"line":44,"column":66}}]},"6":{"line":50,"type":"binary-expr","locations":[{"start":{"line":50,"column":21},"end":{"line":50,"column":49}},{"start":{"line":50,"column":53},"end":{"line":50,"column":72}}]},"7":{"line":64,"type":"switch","locations":[{"start":{"line":69,"column":4},"end":{"line":70,"column":14}},{"start":{"line":75,"column":4},"end":{"line":76,"column":14}}]},"8":{"line":85,"type":"switch","locations":[{"start":{"line":90,"column":4},"end":{"line":105,"column":14}},{"start":{"line":111,"column":4},"end":{"line":193,"column":14},"skip":true}]},"9":{"line":91,"type":"binary-expr","locations":[{"start":{"line":91,"column":42},"end":{"line":91,"column":73}},{"start":{"line":91,"column":77},"end":{"line":99,"column":9}}]},"10":{"line":102,"type":"binary-expr","locations":[{"start":{"line":102,"column":18},"end":{"line":102,"column":32}},{"start":{"line":103,"column":12},"end":{"line":103,"column":53}},{"start":{"line":104,"column":12},"end":{"line":104,"column":61}}]},"11":{"line":112,"type":"binary-expr","locations":[{"start":{"line":112,"column":45},"end":{"line":112,"column":79},"skip":true},{"start":{"line":112,"column":83},"end":{"line":121,"column":9},"skip":true}]},"12":{"line":123,"type":"binary-expr","locations":[{"start":{"line":123,"column":42},"end":{"line":123,"column":73},"skip":true},{"start":{"line":123,"column":77},"end":{"line":136,"column":9},"skip":true}]},"13":{"line":138,"type":"binary-expr","locations":[{"start":{"line":138,"column":48},"end":{"line":138,"column":85},"skip":true},{"start":{"line":139,"column":12},"end":{"line":145,"column":13},"skip":true}]},"14":{"line":147,"type":"binary-expr","locations":[{"start":{"line":147,"column":42},"end":{"line":147,"column":73},"skip":true},{"start":{"line":147,"column":77},"end":{"line":156,"column":9},"skip":true}]},"15":{"line":158,"type":"binary-expr","locations":[{"start":{"line":158,"column":45},"end":{"line":158,"column":79},"skip":true},{"start":{"line":158,"column":83},"end":{"line":167,"column":9},"skip":true}]},"16":{"line":169,"type":"binary-expr","locations":[{"start":{"line":169,"column":43},"end":{"line":169,"column":75},"skip":true},{"start":{"line":169,"column":79},"end":{"line":178,"column":9},"skip":true}]},"17":{"line":180,"type":"binary-expr","locations":[{"start":{"line":180,"column":41},"end":{"line":180,"column":71},"skip":true},{"start":{"line":180,"column":75},"end":{"line":189,"column":9},"skip":true}]}},"code":["/* istanbul instrument in package npmtest_grunt_contrib_jasmine */","/*jslint","    bitwise: true,","    browser: true,","    maxerr: 8,","    maxlen: 96,","    node: true,","    nomen: true,","    regexp: true,","    stupid: true","*/","(function () {","    'use strict';","    var local;","","","","    // run shared js-env code - pre-init","    (function () {","        // init local","        local = {};","        // init modeJs","        local.modeJs = (function () {","            try {","                return typeof navigator.userAgent === 'string' &&","                    typeof document.querySelector('body') === 'object' &&","                    typeof XMLHttpRequest.prototype.open === 'function' &&","                    'browser';","            } catch (errorCaughtBrowser) {","                return module.exports &&","                    typeof process.versions.node === 'string' &&","                    typeof require('http').createServer === 'function' &&","                    'node';","            }","        }());","        // init global","        local.global = local.modeJs === 'browser'","            ? window","            : global;","        switch (local.modeJs) {","        // re-init local from window.local","        case 'browser':","            local = local.global.utility2.objectSetDefault(","                local.global.utility2_rollup || local.global.local,","                local.global.utility2","            );","            break;","        // re-init local from example.js","        case 'node':","            local = (local.global.utility2_rollup || require('utility2'))","                .requireExampleJsFromReadme();","            break;","        }","        // export local","        local.global.local = local;","    }());","","","","    // run shared js-env code - function","    (function () {","        return;","    }());","    switch (local.modeJs) {","","","","    // run browser js-env code - function","    case 'browser':","        break;","","","","    // run node js-env code - function","    case 'node':","        break;","    }","","","","    // run shared js-env code - post-init","    (function () {","        return;","    }());","    switch (local.modeJs) {","","","","    // run browser js-env code - post-init","    case 'browser':","        local.testCase_browser_nullCase = local.testCase_browser_nullCase || function (","            options,","            onError","        ) {","        /*","         * this function will test browsers's null-case handling-behavior-behavior","         */","            onError(null, options);","        };","","        // run tests","        local.nop(local.modeTest &&","            document.querySelector('#testRunButton1') &&","            document.querySelector('#testRunButton1').click());","        break;","","","","    // run node js-env code - post-init","    /* istanbul ignore next */","    case 'node':","        local.testCase_buildApidoc_default = local.testCase_buildApidoc_default || function (","            options,","            onError","        ) {","        /*","         * this function will test buildApidoc's default handling-behavior-behavior","         */","            options = { modulePathList: module.paths };","            local.buildApidoc(options, onError);","        };","","        local.testCase_buildApp_default = local.testCase_buildApp_default || function (","            options,","            onError","        ) {","        /*","         * this function will test buildApp's default handling-behavior-behavior","         */","            local.testCase_buildReadme_default(options, local.onErrorThrow);","            local.testCase_buildLib_default(options, local.onErrorThrow);","            local.testCase_buildTest_default(options, local.onErrorThrow);","            local.testCase_buildCustomOrg_default(options, local.onErrorThrow);","            options = [];","            local.buildApp(options, onError);","        };","","        local.testCase_buildCustomOrg_default = local.testCase_buildCustomOrg_default ||","            function (options, onError) {","            /*","             * this function will test buildCustomOrg's default handling-behavior","             */","                options = {};","                local.buildCustomOrg(options, onError);","            };","","        local.testCase_buildLib_default = local.testCase_buildLib_default || function (","            options,","            onError","        ) {","        /*","         * this function will test buildLib's default handling-behavior","         */","            options = {};","            local.buildLib(options, onError);","        };","","        local.testCase_buildReadme_default = local.testCase_buildReadme_default || function (","            options,","            onError","        ) {","        /*","         * this function will test buildReadme's default handling-behavior-behavior","         */","            options = {};","            local.buildReadme(options, onError);","        };","","        local.testCase_buildTest_default = local.testCase_buildTest_default || function (","            options,","            onError","        ) {","        /*","         * this function will test buildTest's default handling-behavior","         */","            options = {};","            local.buildTest(options, onError);","        };","","        local.testCase_webpage_default = local.testCase_webpage_default || function (","            options,","            onError","        ) {","        /*","         * this function will test webpage's default handling-behavior","         */","            options = { modeCoverageMerge: true, url: local.serverLocalHost + '?modeTest=1' };","            local.browserTest(options, onError);","        };","","        // run test-server","        local.testRunServer(local);","        break;","    }","}());",""],"l":{"12":2,"14":2,"19":2,"21":2,"23":2,"24":2,"25":2,"30":1,"37":2,"40":2,"43":1,"47":1,"50":1,"52":1,"55":2,"61":2,"62":2,"64":2,"70":1,"76":1,"82":2,"83":2,"85":2,"91":1,"98":1,"102":1,"105":1,"112":1,"119":1,"120":1,"123":1,"130":1,"131":1,"132":1,"133":1,"134":1,"135":1,"138":1,"143":2,"144":2,"147":1,"154":2,"155":2,"158":1,"165":2,"166":2,"169":1,"176":2,"177":2,"180":1,"187":1,"188":1,"192":1,"193":1}},"/home/travis/build/npmtest/node-npmtest-grunt-contrib-jasmine/lib.npmtest_grunt_contrib_jasmine.js":{"path":"/home/travis/build/npmtest/node-npmtest-grunt-contrib-jasmine/lib.npmtest_grunt_contrib_jasmine.js","s":{"1":2,"2":2,"3":2,"4":2,"5":2,"6":2,"7":2,"8":1,"9":2,"10":2,"11":2,"12":2,"13":1,"14":1,"15":1,"16":1},"b":{"1":[2,1,1,1],"2":[1,1,1,1],"3":[1,1],"4":[2,2],"5":[1,1]},"f":{"1":2,"2":2,"3":2},"fnMap":{"1":{"name":"(anonymous_1)","line":12,"loc":{"start":{"line":12,"column":1},"end":{"line":12,"column":13}}},"2":{"name":"(anonymous_2)","line":19,"loc":{"start":{"line":19,"column":5},"end":{"line":19,"column":17}}},"3":{"name":"(anonymous_3)","line":23,"loc":{"start":{"line":23,"column":24},"end":{"line":23,"column":36}}}},"statementMap":{"1":{"start":{"line":12,"column":0},"end":{"line":53,"column":5}},"2":{"start":{"line":14,"column":4},"end":{"line":14,"column":14}},"3":{"start":{"line":19,"column":4},"end":{"line":52,"column":9}},"4":{"start":{"line":21,"column":8},"end":{"line":21,"column":19}},"5":{"start":{"line":23,"column":8},"end":{"line":35,"column":13}},"6":{"start":{"line":24,"column":12},"end":{"line":34,"column":13}},"7":{"start":{"line":25,"column":16},"end":{"line":28,"column":30}},"8":{"start":{"line":30,"column":16},"end":{"line":33,"column":27}},"9":{"start":{"line":37,"column":8},"end":{"line":39,"column":21}},"10":{"start":{"line":41,"column":8},"end":{"line":41,"column":54}},"11":{"start":{"line":43,"column":8},"end":{"line":43,"column":66}},"12":{"start":{"line":45,"column":8},"end":{"line":51,"column":9}},"13":{"start":{"line":46,"column":12},"end":{"line":46,"column":72}},"14":{"start":{"line":48,"column":12},"end":{"line":48,"column":35}},"15":{"start":{"line":49,"column":12},"end":{"line":49,"column":49}},"16":{"start":{"line":50,"column":12},"end":{"line":50,"column":43}}},"branchMap":{"1":{"line":25,"type":"binary-expr","locations":[{"start":{"line":25,"column":23},"end":{"line":25,"column":62}},{"start":{"line":26,"column":20},"end":{"line":26,"column":70}},{"start":{"line":27,"column":20},"end":{"line":27,"column":71}},{"start":{"line":28,"column":20},"end":{"line":28,"column":29}}]},"2":{"line":30,"type":"binary-expr","locations":[{"start":{"line":30,"column":23},"end":{"line":30,"column":37}},{"start":{"line":31,"column":20},"end":{"line":31,"column":61}},{"start":{"line":32,"column":20},"end":{"line":32,"column":70}},{"start":{"line":33,"column":20},"end":{"line":33,"column":26}}]},"3":{"line":37,"type":"cond-expr","locations":[{"start":{"line":38,"column":14},"end":{"line":38,"column":20}},{"start":{"line":39,"column":14},"end":{"line":39,"column":20}}]},"4":{"line":41,"type":"binary-expr","locations":[{"start":{"line":41,"column":16},"end":{"line":41,"column":44}},{"start":{"line":41,"column":48},"end":{"line":41,"column":53}}]},"5":{"line":45,"type":"if","locations":[{"start":{"line":45,"column":8},"end":{"line":45,"column":8}},{"start":{"line":45,"column":8},"end":{"line":45,"column":8}}]}},"code":["/* istanbul instrument in package npmtest_grunt_contrib_jasmine */","/*jslint","    bitwise: true,","    browser: true,","    maxerr: 8,","    maxlen: 96,","    node: true,","    nomen: true,","    regexp: true,","    stupid: true","*/","(function () {","    'use strict';","    var local;","","","","    // run shared js-env code - pre-init","    (function () {","        // init local","        local = {};","        // init modeJs","        local.modeJs = (function () {","            try {","                return typeof navigator.userAgent === 'string' &&","                    typeof document.querySelector('body') === 'object' &&","                    typeof XMLHttpRequest.prototype.open === 'function' &&","                    'browser';","            } catch (errorCaughtBrowser) {","                return module.exports &&","                    typeof process.versions.node === 'string' &&","                    typeof require('http').createServer === 'function' &&","                    'node';","            }","        }());","        // init global","        local.global = local.modeJs === 'browser'","            ? window","            : global;","        // init utility2_rollup","        local = local.global.utility2_rollup || local;","        // init lib","        local.local = local.npmtest_grunt_contrib_jasmine = local;","        // init exports","        if (local.modeJs === 'browser') {","            local.global.utility2_npmtest_grunt_contrib_jasmine = local;","        } else {","            module.exports = local;","            module.exports.__dirname = __dirname;","            module.exports.module = module;","        }","    }());","}());",""],"l":{"12":2,"14":2,"19":2,"21":2,"23":2,"24":2,"25":2,"30":1,"37":2,"41":2,"43":2,"45":2,"46":1,"48":1,"49":1,"50":1}},"/home/travis/build/npmtest/node-npmtest-grunt-contrib-jasmine/example.js":{"path":"/home/travis/build/npmtest/node-npmtest-grunt-contrib-jasmine/example.js","s":{"1":2,"2":2,"3":2,"4":2,"5":2,"6":2,"7":2,"8":1,"9":2,"10":2,"11":2,"12":2,"13":1,"14":2,"15":2,"16":2,"17":2,"18":2,"19":0,"20":2,"21":1,"22":1,"23":1,"24":1,"25":1,"26":0,"27":0,"28":1,"29":1,"30":2,"31":0,"32":0,"33":0,"34":1,"35":2,"36":2,"37":3,"38":3,"39":3,"40":3,"41":0,"42":3,"43":3,"44":3,"45":1,"46":3,"47":1,"48":1,"49":1,"50":1,"51":1,"52":1,"53":1,"54":1,"55":1,"56":1,"57":0,"58":1,"59":6,"60":6,"61":1,"62":2,"63":0,"64":2,"65":1,"66":1,"67":0,"68":0,"69":0,"70":0,"71":0,"72":0,"73":0,"74":0,"75":0,"76":0,"77":0,"78":0,"79":0,"80":0,"81":0,"82":0,"83":0},"b":{"1":[2,1,1,1],"2":[1,1,1,1],"3":[1,1],"4":[2,2],"5":[1,1],"6":[1,1],"7":[2,0],"8":[2,1,1,1,1,1],"9":[0,2,0],"10":[1,1],"11":[2,1,1],"12":[1,0],"13":[0,2],"14":[2,0,0,0,0,0,0],"15":[0,3],"16":[3,0],"17":[1,1],"18":[0,1],"19":[1,2,0,2],"20":[1,0],"21":[1,1],"22":[0,0],"23":[0,0],"24":[0,0],"25":[0,0],"26":[0,0],"27":[0,0],"28":[0,0]},"f":{"1":2,"2":2,"3":2,"4":2,"5":2,"6":2,"7":3,"8":3,"9":3,"10":1,"11":6,"12":0},"fnMap":{"1":{"name":"(anonymous_1)","line":26,"loc":{"start":{"line":26,"column":1},"end":{"line":26,"column":13}}},"2":{"name":"(anonymous_2)","line":33,"loc":{"start":{"line":33,"column":5},"end":{"line":33,"column":17}}},"3":{"name":"(anonymous_3)","line":37,"loc":{"start":{"line":37,"column":24},"end":{"line":37,"column":36}}},"4":{"name":"(anonymous_4)","line":69,"loc":{"start":{"line":69,"column":31},"end":{"line":69,"column":48}},"skip":true},"5":{"name":"(anonymous_5)","line":78,"loc":{"start":{"line":78,"column":26},"end":{"line":78,"column":45}},"skip":true},"6":{"name":"(anonymous_6)","line":123,"loc":{"start":{"line":123,"column":33},"end":{"line":123,"column":48}},"skip":true},"7":{"name":"(anonymous_7)","line":125,"loc":{"start":{"line":125,"column":27},"end":{"line":125,"column":39}},"skip":true},"8":{"name":"(anonymous_8)","line":133,"loc":{"start":{"line":133,"column":59},"end":{"line":133,"column":74}},"skip":true},"9":{"name":"(anonymous_9)","line":143,"loc":{"start":{"line":143,"column":45},"end":{"line":143,"column":62}},"skip":true},"10":{"name":"(anonymous_10)","line":144,"loc":{"start":{"line":144,"column":73},"end":{"line":144,"column":92}},"skip":true},"11":{"name":"(anonymous_11)","line":272,"loc":{"start":{"line":272,"column":51},"end":{"line":272,"column":77}},"skip":true},"12":{"name":"(anonymous_12)","line":315,"loc":{"start":{"line":315,"column":32},"end":{"line":315,"column":61}},"skip":true}},"statementMap":{"1":{"start":{"line":26,"column":0},"end":{"line":326,"column":5}},"2":{"start":{"line":28,"column":4},"end":{"line":28,"column":14}},"3":{"start":{"line":33,"column":4},"end":{"line":60,"column":9}},"4":{"start":{"line":35,"column":8},"end":{"line":35,"column":19}},"5":{"start":{"line":37,"column":8},"end":{"line":49,"column":13}},"6":{"start":{"line":38,"column":12},"end":{"line":48,"column":13}},"7":{"start":{"line":39,"column":16},"end":{"line":42,"column":30}},"8":{"start":{"line":44,"column":16},"end":{"line":47,"column":27}},"9":{"start":{"line":51,"column":8},"end":{"line":53,"column":21}},"10":{"start":{"line":55,"column":8},"end":{"line":57,"column":45}},"11":{"start":{"line":59,"column":8},"end":{"line":59,"column":35}},"12":{"start":{"line":61,"column":4},"end":{"line":325,"column":5}},"13":{"start":{"line":69,"column":8},"end":{"line":121,"column":10},"skip":true},"14":{"start":{"line":70,"column":12},"end":{"line":88,"column":13},"skip":true},"15":{"start":{"line":76,"column":16},"end":{"line":87,"column":19},"skip":true},"16":{"start":{"line":79,"column":20},"end":{"line":86,"column":21},"skip":true},"17":{"start":{"line":82,"column":24},"end":{"line":82,"column":43},"skip":true},"18":{"start":{"line":83,"column":24},"end":{"line":83,"column":30},"skip":true},"19":{"start":{"line":85,"column":24},"end":{"line":85,"column":49},"skip":true},"20":{"start":{"line":89,"column":12},"end":{"line":107,"column":13},"skip":true},"21":{"start":{"line":92,"column":16},"end":{"line":102,"column":17},"skip":true},"22":{"start":{"line":93,"column":20},"end":{"line":93,"column":86},"skip":true},"23":{"start":{"line":94,"column":20},"end":{"line":95,"column":45},"skip":true},"24":{"start":{"line":96,"column":20},"end":{"line":96,"column":42},"skip":true},"25":{"start":{"line":97,"column":20},"end":{"line":97,"column":48},"skip":true},"26":{"start":{"line":100,"column":20},"end":{"line":100,"column":85},"skip":true},"27":{"start":{"line":101,"column":20},"end":{"line":101,"column":96},"skip":true},"28":{"start":{"line":103,"column":16},"end":{"line":103,"column":22},"skip":true},"29":{"start":{"line":106,"column":16},"end":{"line":106,"column":22},"skip":true},"30":{"start":{"line":108,"column":12},"end":{"line":120,"column":13},"skip":true},"31":{"start":{"line":114,"column":16},"end":{"line":119,"column":17},"skip":true},"32":{"start":{"line":116,"column":20},"end":{"line":116,"column":78},"skip":true},"33":{"start":{"line":118,"column":20},"end":{"line":118,"column":47},"skip":true},"34":{"start":{"line":123,"column":8},"end":{"line":141,"column":11},"skip":true},"35":{"start":{"line":124,"column":12},"end":{"line":124,"column":54},"skip":true},"36":{"start":{"line":125,"column":12},"end":{"line":140,"column":14},"skip":true},"37":{"start":{"line":126,"column":16},"end":{"line":126,"column":28},"skip":true},"38":{"start":{"line":127,"column":16},"end":{"line":127,"column":69},"skip":true},"39":{"start":{"line":128,"column":16},"end":{"line":128,"column":75},"skip":true},"40":{"start":{"line":129,"column":16},"end":{"line":131,"column":17},"skip":true},"41":{"start":{"line":130,"column":20},"end":{"line":130,"column":27},"skip":true},"42":{"start":{"line":133,"column":16},"end":{"line":137,"column":36},"skip":true},"43":{"start":{"line":134,"column":20},"end":{"line":136,"column":55},"skip":true},"44":{"start":{"line":139,"column":16},"end":{"line":139,"column":57},"skip":true},"45":{"start":{"line":143,"column":8},"end":{"line":147,"column":11},"skip":true},"46":{"start":{"line":144,"column":12},"end":{"line":146,"column":15},"skip":true},"47":{"start":{"line":145,"column":16},"end":{"line":145,"column":70},"skip":true},"48":{"start":{"line":149,"column":8},"end":{"line":149,"column":31},"skip":true},"49":{"start":{"line":150,"column":8},"end":{"line":150,"column":14},"skip":true},"50":{"start":{"line":158,"column":8},"end":{"line":158,"column":31},"skip":true},"51":{"start":{"line":160,"column":8},"end":{"line":160,"column":33},"skip":true},"52":{"start":{"line":161,"column":8},"end":{"line":161,"column":37},"skip":true},"53":{"start":{"line":162,"column":8},"end":{"line":162,"column":35},"skip":true},"54":{"start":{"line":164,"column":8},"end":{"line":164,"column":50},"skip":true},"55":{"start":{"line":166,"column":8},"end":{"line":256,"column":2},"skip":true},"56":{"start":{"line":258,"column":8},"end":{"line":286,"column":9},"skip":true},"57":{"start":{"line":259,"column":12},"end":{"line":269,"column":14},"skip":true},"58":{"start":{"line":271,"column":12},"end":{"line":285,"column":19},"skip":true},"59":{"start":{"line":274,"column":20},"end":{"line":274,"column":35},"skip":true},"60":{"start":{"line":275,"column":20},"end":{"line":284,"column":21},"skip":true},"61":{"start":{"line":277,"column":24},"end":{"line":277,"column":64},"skip":true},"62":{"start":{"line":279,"column":24},"end":{"line":279,"column":40},"skip":true},"63":{"start":{"line":281,"column":24},"end":{"line":281,"column":40},"skip":true},"64":{"start":{"line":283,"column":24},"end":{"line":283,"column":39},"skip":true},"65":{"start":{"line":288,"column":8},"end":{"line":290,"column":9},"skip":true},"66":{"start":{"line":289,"column":12},"end":{"line":289,"column":18},"skip":true},"67":{"start":{"line":291,"column":8},"end":{"line":293,"column":54},"skip":true},"68":{"start":{"line":296,"column":8},"end":{"line":301,"column":37},"skip":true},"69":{"start":{"line":303,"column":8},"end":{"line":303,"column":82},"skip":true},"70":{"start":{"line":306,"column":8},"end":{"line":308,"column":9},"skip":true},"71":{"start":{"line":307,"column":12},"end":{"line":307,"column":82},"skip":true},"72":{"start":{"line":310,"column":8},"end":{"line":312,"column":9},"skip":true},"73":{"start":{"line":311,"column":12},"end":{"line":311,"column":18},"skip":true},"74":{"start":{"line":313,"column":8},"end":{"line":313,"column":54},"skip":true},"75":{"start":{"line":314,"column":8},"end":{"line":314,"column":69},"skip":true},"76":{"start":{"line":315,"column":8},"end":{"line":323,"column":36},"skip":true},"77":{"start":{"line":316,"column":12},"end":{"line":316,"column":61},"skip":true},"78":{"start":{"line":317,"column":12},"end":{"line":320,"column":13},"skip":true},"79":{"start":{"line":318,"column":16},"end":{"line":318,"column":75},"skip":true},"80":{"start":{"line":319,"column":16},"end":{"line":319,"column":23},"skip":true},"81":{"start":{"line":321,"column":12},"end":{"line":321,"column":38},"skip":true},"82":{"start":{"line":322,"column":12},"end":{"line":322,"column":27},"skip":true},"83":{"start":{"line":324,"column":8},"end":{"line":324,"column":14},"skip":true}},"branchMap":{"1":{"line":39,"type":"binary-expr","locations":[{"start":{"line":39,"column":23},"end":{"line":39,"column":62}},{"start":{"line":40,"column":20},"end":{"line":40,"column":70}},{"start":{"line":41,"column":20},"end":{"line":41,"column":71}},{"start":{"line":42,"column":20},"end":{"line":42,"column":29}}]},"2":{"line":44,"type":"binary-expr","locations":[{"start":{"line":44,"column":23},"end":{"line":44,"column":37}},{"start":{"line":45,"column":20},"end":{"line":45,"column":61}},{"start":{"line":46,"column":20},"end":{"line":46,"column":70}},{"start":{"line":47,"column":20},"end":{"line":47,"column":26}}]},"3":{"line":51,"type":"cond-expr","locations":[{"start":{"line":52,"column":14},"end":{"line":52,"column":20}},{"start":{"line":53,"column":14},"end":{"line":53,"column":20}}]},"4":{"line":55,"type":"binary-expr","locations":[{"start":{"line":55,"column":16},"end":{"line":55,"column":44}},{"start":{"line":55,"column":49},"end":{"line":57,"column":43}}]},"5":{"line":55,"type":"cond-expr","locations":[{"start":{"line":56,"column":14},"end":{"line":56,"column":65}},{"start":{"line":57,"column":14},"end":{"line":57,"column":43}}]},"6":{"line":61,"type":"switch","locations":[{"start":{"line":68,"column":4},"end":{"line":150,"column":14},"skip":true},{"start":{"line":156,"column":4},"end":{"line":324,"column":14},"skip":true}]},"7":{"line":70,"type":"if","locations":[{"start":{"line":70,"column":12},"end":{"line":70,"column":12},"skip":true},{"start":{"line":70,"column":12},"end":{"line":70,"column":12},"skip":true}]},"8":{"line":70,"type":"binary-expr","locations":[{"start":{"line":70,"column":16},"end":{"line":70,"column":22},"skip":true},{"start":{"line":70,"column":27},"end":{"line":70,"column":32},"skip":true},{"start":{"line":71,"column":20},"end":{"line":71,"column":39},"skip":true},{"start":{"line":72,"column":20},"end":{"line":72,"column":49},"skip":true},{"start":{"line":73,"column":20},"end":{"line":73,"column":58},"skip":true},{"start":{"line":74,"column":20},"end":{"line":74,"column":69},"skip":true}]},"9":{"line":79,"type":"switch","locations":[{"start":{"line":80,"column":20},"end":{"line":80,"column":33},"skip":true},{"start":{"line":81,"column":20},"end":{"line":83,"column":30},"skip":true},{"start":{"line":84,"column":20},"end":{"line":85,"column":49},"skip":true}]},"10":{"line":89,"type":"switch","locations":[{"start":{"line":90,"column":12},"end":{"line":103,"column":22},"skip":true},{"start":{"line":105,"column":12},"end":{"line":106,"column":22},"skip":true}]},"11":{"line":89,"type":"binary-expr","locations":[{"start":{"line":89,"column":20},"end":{"line":89,"column":25},"skip":true},{"start":{"line":89,"column":29},"end":{"line":89,"column":48},"skip":true},{"start":{"line":89,"column":52},"end":{"line":89,"column":74},"skip":true}]},"12":{"line":92,"type":"if","locations":[{"start":{"line":92,"column":16},"end":{"line":92,"column":16},"skip":true},{"start":{"line":92,"column":16},"end":{"line":92,"column":16},"skip":true}]},"13":{"line":108,"type":"if","locations":[{"start":{"line":108,"column":12},"end":{"line":108,"column":12},"skip":true},{"start":{"line":108,"column":12},"end":{"line":108,"column":12},"skip":true}]},"14":{"line":108,"type":"binary-expr","locations":[{"start":{"line":108,"column":16},"end":{"line":108,"column":61},"skip":true},{"start":{"line":108,"column":66},"end":{"line":108,"column":72},"skip":true},{"start":{"line":108,"column":77},"end":{"line":108,"column":82},"skip":true},{"start":{"line":109,"column":20},"end":{"line":109,"column":39},"skip":true},{"start":{"line":110,"column":20},"end":{"line":110,"column":49},"skip":true},{"start":{"line":111,"column":20},"end":{"line":111,"column":58},"skip":true},{"start":{"line":112,"column":20},"end":{"line":112,"column":68},"skip":true}]},"15":{"line":129,"type":"if","locations":[{"start":{"line":129,"column":16},"end":{"line":129,"column":16},"skip":true},{"start":{"line":129,"column":16},"end":{"line":129,"column":16},"skip":true}]},"16":{"line":134,"type":"cond-expr","locations":[{"start":{"line":135,"column":26},"end":{"line":135,"column":29},"skip":true},{"start":{"line":136,"column":26},"end":{"line":136,"column":54},"skip":true}]},"17":{"line":164,"type":"binary-expr","locations":[{"start":{"line":164,"column":27},"end":{"line":164,"column":43},"skip":true},{"start":{"line":164,"column":47},"end":{"line":164,"column":49},"skip":true}]},"18":{"line":258,"type":"if","locations":[{"start":{"line":258,"column":8},"end":{"line":258,"column":8},"skip":true},{"start":{"line":258,"column":8},"end":{"line":258,"column":8},"skip":true}]},"19":{"line":275,"type":"switch","locations":[{"start":{"line":276,"column":20},"end":{"line":277,"column":64},"skip":true},{"start":{"line":278,"column":20},"end":{"line":279,"column":40},"skip":true},{"start":{"line":280,"column":20},"end":{"line":281,"column":40},"skip":true},{"start":{"line":282,"column":20},"end":{"line":283,"column":39},"skip":true}]},"20":{"line":288,"type":"if","locations":[{"start":{"line":288,"column":8},"end":{"line":288,"column":8},"skip":true},{"start":{"line":288,"column":8},"end":{"line":288,"column":8},"skip":true}]},"21":{"line":288,"type":"binary-expr","locations":[{"start":{"line":288,"column":12},"end":{"line":288,"column":40},"skip":true},{"start":{"line":288,"column":44},"end":{"line":288,"column":67},"skip":true}]},"22":{"line":292,"type":"binary-expr","locations":[{"start":{"line":292,"column":12},"end":{"line":292,"column":50},"skip":true},{"start":{"line":293,"column":12},"end":{"line":293,"column":53},"skip":true}]},"23":{"line":297,"type":"binary-expr","locations":[{"start":{"line":297,"column":12},"end":{"line":297,"column":79},"skip":true},{"start":{"line":298,"column":12},"end":{"line":301,"column":36},"skip":true}]},"24":{"line":303,"type":"binary-expr","locations":[{"start":{"line":303,"column":43},"end":{"line":303,"column":75},"skip":true},{"start":{"line":303,"column":79},"end":{"line":303,"column":81},"skip":true}]},"25":{"line":306,"type":"if","locations":[{"start":{"line":306,"column":8},"end":{"line":306,"column":8},"skip":true},{"start":{"line":306,"column":8},"end":{"line":306,"column":8},"skip":true}]},"26":{"line":310,"type":"if","locations":[{"start":{"line":310,"column":8},"end":{"line":310,"column":8},"skip":true},{"start":{"line":310,"column":8},"end":{"line":310,"column":8},"skip":true}]},"27":{"line":313,"type":"binary-expr","locations":[{"start":{"line":313,"column":27},"end":{"line":313,"column":43},"skip":true},{"start":{"line":313,"column":47},"end":{"line":313,"column":53},"skip":true}]},"28":{"line":317,"type":"if","locations":[{"start":{"line":317,"column":12},"end":{"line":317,"column":12},"skip":true},{"start":{"line":317,"column":12},"end":{"line":317,"column":12},"skip":true}]}},"code":["/*","example.js","","quickstart example","","instruction","    1. save this script as example.js","    2. run the shell command:","        $ npm install npmtest-grunt-contrib-jasmine && PORT=8081 node example.js","    3. play with the browser-demo on http://127.0.0.1:8081","*/","","","","/* istanbul instrument in package npmtest_grunt_contrib_jasmine */","/*jslint","    bitwise: true,","    browser: true,","    maxerr: 8,","    maxlen: 96,","    node: true,","    nomen: true,","    regexp: true,","    stupid: true","*/","(function () {","    'use strict';","    var local;","","","","    // run shared js-env code - pre-init","    (function () {","        // init local","        local = {};","        // init modeJs","        local.modeJs = (function () {","            try {","                return typeof navigator.userAgent === 'string' &&","                    typeof document.querySelector('body') === 'object' &&","                    typeof XMLHttpRequest.prototype.open === 'function' &&","                    'browser';","            } catch (errorCaughtBrowser) {","                return module.exports &&","                    typeof process.versions.node === 'string' &&","                    typeof require('http').createServer === 'function' &&","                    'node';","            }","        }());","        // init global","        local.global = local.modeJs === 'browser'","            ? window","            : global;","        // init utility2_rollup","        local = local.global.utility2_rollup || (local.modeJs === 'browser'","            ? local.global.utility2_npmtest_grunt_contrib_jasmine","            : global.utility2_moduleExports);","        // export local","        local.global.local = local;","    }());","    switch (local.modeJs) {","","","","    // post-init","    // run browser js-env code - post-init","    /* istanbul ignore next */","    case 'browser':","        local.testRunBrowser = function (event) {","            if (!event || (event &&","                    event.currentTarget &&","                    event.currentTarget.className &&","                    event.currentTarget.className.includes &&","                    event.currentTarget.className.includes('onreset'))) {","                // reset output","                Array.from(","                    document.querySelectorAll('body > .resettable')","                ).forEach(function (element) {","                    switch (element.tagName) {","                    case 'INPUT':","                    case 'TEXTAREA':","                        element.value = '';","                        break;","                    default:","                        element.textContent = '';","                    }","                });","            }","            switch (event && event.currentTarget && event.currentTarget.id) {","            case 'testRunButton1':","                // show tests","                if (document.querySelector('#testReportDiv1').style.display === 'none') {","                    document.querySelector('#testReportDiv1').style.display = 'block';","                    document.querySelector('#testRunButton1').textContent =","                        'hide internal test';","                    local.modeTest = true;","                    local.testRunDefault(local);","                // hide tests","                } else {","                    document.querySelector('#testReportDiv1').style.display = 'none';","                    document.querySelector('#testRunButton1').textContent = 'run internal test';","                }","                break;","            // custom-case","            default:","                break;","            }","            if (document.querySelector('#inputTextareaEval1') && (!event || (event &&","                    event.currentTarget &&","                    event.currentTarget.className &&","                    event.currentTarget.className.includes &&","                    event.currentTarget.className.includes('oneval')))) {","                // try to eval input-code","                try {","                    /*jslint evil: true*/","                    eval(document.querySelector('#inputTextareaEval1').value);","                } catch (errorCaught) {","                    console.error(errorCaught);","                }","            }","        };","        // log stderr and stdout to #outputTextareaStdout1","        ['error', 'log'].forEach(function (key) {","            console[key + '_original'] = console[key];","            console[key] = function () {","                var element;","                console[key + '_original'].apply(console, arguments);","                element = document.querySelector('#outputTextareaStdout1');","                if (!element) {","                    return;","                }","                // append text to #outputTextareaStdout1","                element.value += Array.from(arguments).map(function (arg) {","                    return typeof arg === 'string'","                        ? arg","                        : JSON.stringify(arg, null, 4);","                }).join(' ') + '\\n';","                // scroll textarea to bottom","                element.scrollTop = element.scrollHeight;","            };","        });","        // init event-handling","        ['change', 'click', 'keyup'].forEach(function (event) {","            Array.from(document.querySelectorAll('.on' + event)).forEach(function (element) {","                element.addEventListener(event, local.testRunBrowser);","            });","        });","        // run tests","        local.testRunBrowser();","        break;","","","","    // run node js-env code - post-init","    /* istanbul ignore next */","    case 'node':","        // export local","        module.exports = local;","        // require modules","        local.fs = require('fs');","        local.http = require('http');","        local.url = require('url');","        // init assets","        local.assetsDict = local.assetsDict || {};","        /* jslint-ignore-begin */","        local.assetsDict['/assets.index.template.html'] = '\\","<!doctype html>\\n\\","<html lang=\"en\">\\n\\","<head>\\n\\","<meta charset=\"UTF-8\">\\n\\","<meta name=\"viewport\" content=\"width=device-width, initial-scale=1\">\\n\\","<title>{{env.npm_package_name}} (v{{env.npm_package_version}})</title>\\n\\","<style>\\n\\","/*csslint\\n\\","    box-sizing: false,\\n\\","    universal-selector: false\\n\\","*/\\n\\","* {\\n\\","    box-sizing: border-box;\\n\\","}\\n\\","body {\\n\\","    background: #dde;\\n\\","    font-family: Arial, Helvetica, sans-serif;\\n\\","    margin: 2rem;\\n\\","}\\n\\","body > * {\\n\\","    margin-bottom: 1rem;\\n\\","}\\n\\",".utility2FooterDiv {\\n\\","    margin-top: 20px;\\n\\","    text-align: center;\\n\\","}\\n\\","</style>\\n\\","<style>\\n\\","/*csslint\\n\\","*/\\n\\","textarea {\\n\\","    font-family: monospace;\\n\\","    height: 10rem;\\n\\","    width: 100%;\\n\\","}\\n\\","textarea[readonly] {\\n\\","    background: #ddd;\\n\\","}\\n\\","</style>\\n\\","</head>\\n\\","<body>\\n\\","<!-- utility2-comment\\n\\","<div id=\"ajaxProgressDiv1\" style=\"background: #d00; height: 2px; left: 0; margin: 0; padding: 0; position: fixed; top: 0; transition: background 0.5s, width 1.5s; width: 25%;\"></div>\\n\\","utility2-comment -->\\n\\","<h1>\\n\\","<!-- utility2-comment\\n\\","    <a\\n\\","        {{#if env.npm_package_homepage}}\\n\\","        href=\"{{env.npm_package_homepage}}\"\\n\\","        {{/if env.npm_package_homepage}}\\n\\","        target=\"_blank\"\\n\\","    >\\n\\","utility2-comment -->\\n\\","        {{env.npm_package_name}} (v{{env.npm_package_version}})\\n\\","<!-- utility2-comment\\n\\","    </a>\\n\\","utility2-comment -->\\n\\","</h1>\\n\\","<h3>{{env.npm_package_description}}</h3>\\n\\","<!-- utility2-comment\\n\\","<h4><a download href=\"assets.app.js\">download standalone app</a></h4>\\n\\","<button class=\"onclick onreset\" id=\"testRunButton1\">run internal test</button><br>\\n\\","<div id=\"testReportDiv1\" style=\"display: none;\"></div>\\n\\","utility2-comment -->\\n\\","\\n\\","\\n\\","\\n\\","<label>stderr and stdout</label>\\n\\","<textarea class=\"resettable\" id=\"outputTextareaStdout1\" readonly></textarea>\\n\\","<!-- utility2-comment\\n\\","{{#if isRollup}}\\n\\","<script src=\"assets.app.js\"></script>\\n\\","{{#unless isRollup}}\\n\\","utility2-comment -->\\n\\","<script src=\"assets.utility2.rollup.js\"></script>\\n\\","<script src=\"jsonp.utility2._stateInit?callback=window.utility2._stateInit\"></script>\\n\\","<script src=\"assets.npmtest_grunt_contrib_jasmine.rollup.js\"></script>\\n\\","<script src=\"assets.example.js\"></script>\\n\\","<script src=\"assets.test.js\"></script>\\n\\","<!-- utility2-comment\\n\\","{{/if isRollup}}\\n\\","utility2-comment -->\\n\\","<div class=\"utility2FooterDiv\">\\n\\","    [ this app was created with\\n\\","    <a href=\"https://github.com/kaizhu256/node-utility2\" target=\"_blank\">utility2</a>\\n\\","    ]\\n\\","</div>\\n\\","</body>\\n\\","</html>\\n\\","';","        /* jslint-ignore-end */","        if (local.templateRender) {","            local.assetsDict['/'] = local.templateRender(","                local.assetsDict['/assets.index.template.html'],","                {","                    env: local.objectSetDefault(local.env, {","                        npm_package_description: 'the greatest app in the world!',","                        npm_package_name: 'my-app',","                        npm_package_nameAlias: 'my_app',","                        npm_package_version: '0.0.1'","                    })","                }","            );","        } else {","            local.assetsDict['/'] = local.assetsDict['/assets.index.template.html']","                .replace((/\\{\\{env\\.(\\w+?)\\}\\}/g), function (match0, match1) {","                    // jslint-hack","                    String(match0);","                    switch (match1) {","                    case 'npm_package_description':","                        return 'the greatest app in the world!';","                    case 'npm_package_name':","                        return 'my-app';","                    case 'npm_package_nameAlias':","                        return 'my_app';","                    case 'npm_package_version':","                        return '0.0.1';","                    }","                });","        }","        // run the cli","        if (local.global.utility2_rollup || module !== require.main) {","            break;","        }","        local.assetsDict['/assets.example.js'] =","            local.assetsDict['/assets.example.js'] ||","            local.fs.readFileSync(__filename, 'utf8');","        // bug-workaround - long $npm_package_buildCustomOrg","        /* jslint-ignore-begin */","        local.assetsDict['/assets.npmtest_grunt_contrib_jasmine.rollup.js'] =","            local.assetsDict['/assets.npmtest_grunt_contrib_jasmine.rollup.js'] ||","            local.fs.readFileSync(","                local.npmtest_grunt_contrib_jasmine.__dirname + '/lib.npmtest_grunt_contrib_jasmine.js',","                'utf8'","            ).replace((/^#!/), '//');","        /* jslint-ignore-end */","        local.assetsDict['/favicon.ico'] = local.assetsDict['/favicon.ico'] || '';","        // if $npm_config_timeout_exit exists,","        // then exit this process after $npm_config_timeout_exit ms","        if (Number(process.env.npm_config_timeout_exit)) {","            setTimeout(process.exit, Number(process.env.npm_config_timeout_exit));","        }","        // start server","        if (local.global.utility2_serverHttp1) {","            break;","        }","        process.env.PORT = process.env.PORT || '8081';","        console.error('server starting on port ' + process.env.PORT);","        local.http.createServer(function (request, response) {","            request.urlParsed = local.url.parse(request.url);","            if (local.assetsDict[request.urlParsed.pathname] !== undefined) {","                response.end(local.assetsDict[request.urlParsed.pathname]);","                return;","            }","            response.statusCode = 404;","            response.end();","        }).listen(process.env.PORT);","        break;","    }","}());",""],"l":{"26":2,"28":2,"33":2,"35":2,"37":2,"38":2,"39":2,"44":1,"51":2,"55":2,"59":2,"61":2,"69":1,"70":2,"76":2,"79":2,"82":2,"83":2,"85":1,"89":2,"92":1,"93":1,"94":1,"96":1,"97":1,"100":1,"101":1,"103":1,"106":1,"108":2,"114":1,"116":1,"118":1,"123":1,"124":2,"125":2,"126":3,"127":3,"128":3,"129":3,"130":1,"133":3,"134":3,"139":3,"143":1,"144":3,"145":1,"149":1,"150":1,"158":1,"160":1,"161":1,"162":1,"164":1,"166":1,"258":1,"259":1,"271":1,"274":6,"275":6,"277":1,"279":2,"281":1,"283":2,"288":1,"289":1,"291":1,"296":1,"303":1,"306":1,"307":1,"310":1,"311":1,"313":1,"314":1,"315":1,"316":1,"317":1,"318":1,"319":1,"321":1,"322":1,"324":1}},"/home/travis/build/npmtest/node-npmtest-grunt-contrib-jasmine/node_modules/grunt-contrib-jasmine/tasks/jasmine.js":{"path":"/home/travis/build/npmtest/node-npmtest-grunt-contrib-jasmine/node_modules/grunt-contrib-jasmine/tasks/jasmine.js","s":{"1":1,"2":0,"3":0,"4":0,"5":0,"6":0,"7":0,"8":0,"9":0,"10":0,"11":0,"12":0,"13":0,"14":0,"15":0,"16":0,"17":0,"18":0,"19":0,"20":0,"21":0,"22":0,"23":0,"24":0,"25":0,"26":0,"27":0,"28":0,"29":0,"30":1,"31":0,"32":0,"33":0,"34":0,"35":0,"36":0,"37":0,"38":0,"39":0,"40":1,"41":0,"42":0,"43":0,"44":0,"45":0,"46":0,"47":1,"48":0,"49":0,"50":1,"51":0,"52":0,"53":1,"54":0,"55":0,"56":0,"57":0,"58":0,"59":0,"60":0,"61":0,"62":0,"63":0,"64":0,"65":0,"66":0,"67":0,"68":0,"69":0,"70":0,"71":0,"72":0,"73":0,"74":0,"75":0,"76":0,"77":0,"78":0,"79":0,"80":0,"81":0,"82":0,"83":0,"84":0,"85":0,"86":0,"87":0,"88":0,"89":0,"90":0,"91":0,"92":0,"93":0,"94":0,"95":0,"96":0,"97":0,"98":0,"99":0,"100":0,"101":0,"102":0,"103":0,"104":0,"105":0,"106":0,"107":0,"108":0,"109":0,"110":0,"111":0,"112":0,"113":0,"114":0,"115":0,"116":0,"117":0,"118":0,"119":0,"120":0,"121":0,"122":0,"123":0,"124":0,"125":0,"126":0,"127":0,"128":0,"129":0,"130":0,"131":0,"132":0,"133":0,"134":0,"135":0,"136":0,"137":0,"138":0,"139":0,"140":0,"141":0,"142":0,"143":0,"144":0,"145":0,"146":0,"147":0,"148":0,"149":0,"150":0,"151":0,"152":0,"153":0,"154":0,"155":0,"156":1,"157":0,"158":0,"159":0,"160":0,"161":0,"162":0,"163":1,"164":0,"165":0,"166":0,"167":1,"168":0,"169":0,"170":0,"171":0,"172":0,"173":0,"174":0,"175":0,"176":0,"177":0,"178":0,"179":0,"180":0,"181":0},"b":{"1":[0,0],"2":[0,0],"3":[0,0],"4":[0,0],"5":[0,0],"6":[0,0],"7":[0,0],"8":[0,0],"9":[0,0],"10":[0,0],"11":[0,0],"12":[0,0],"13":[0,0],"14":[0,0],"15":[0,0],"16":[0,0],"17":[0,0],"18":[0,0],"19":[0,0],"20":[0,0],"21":[0,0],"22":[0,0],"23":[0,0],"24":[0,0],"25":[0,0],"26":[0,0],"27":[0,0],"28":[0,0],"29":[0,0],"30":[0,0],"31":[0,0],"32":[0,0],"33":[0,0],"34":[0,0],"35":[0,0],"36":[0,0],"37":[0,0],"38":[0,0],"39":[0,0],"40":[0,0],"41":[0,0]},"f":{"1":0,"2":0,"3":0,"4":0,"5":0,"6":0,"7":0,"8":0,"9":0,"10":0,"11":0,"12":0,"13":0,"14":0,"15":0,"16":0,"17":0,"18":0,"19":0,"20":0,"21":0,"22":0,"23":0,"24":0,"25":0,"26":0,"27":0,"28":0,"29":0,"30":0,"31":0,"32":0,"33":0,"34":0},"fnMap":{"1":{"name":"(anonymous_1)","line":11,"loc":{"start":{"line":11,"column":17},"end":{"line":11,"column":33}}},"2":{"name":"(anonymous_2)","line":70,"loc":{"start":{"line":70,"column":88},"end":{"line":70,"column":99}}},"3":{"name":"(anonymous_3)","line":111,"loc":{"start":{"line":111,"column":27},"end":{"line":111,"column":49}}},"4":{"name":"(anonymous_4)","line":123,"loc":{"start":{"line":123,"column":24},"end":{"line":123,"column":35}}},"5":{"name":"phantomRunner","line":130,"loc":{"start":{"line":130,"column":2},"end":{"line":130,"column":38}}},"6":{"name":"(anonymous_6)","line":146,"loc":{"start":{"line":146,"column":12},"end":{"line":146,"column":26}}},"7":{"name":"teardown","line":152,"loc":{"start":{"line":152,"column":2},"end":{"line":152,"column":33}}},"8":{"name":"removePhantomListeners","line":166,"loc":{"start":{"line":166,"column":2},"end":{"line":166,"column":36}}},"9":{"name":"setup","line":171,"loc":{"start":{"line":171,"column":2},"end":{"line":171,"column":26}}},"10":{"name":"indent","line":182,"loc":{"start":{"line":182,"column":4},"end":{"line":182,"column":27}}},"11":{"name":"(anonymous_11)","line":186,"loc":{"start":{"line":186,"column":30},"end":{"line":186,"column":41}}},"12":{"name":"(anonymous_12)","line":191,"loc":{"start":{"line":191,"column":33},"end":{"line":191,"column":44}}},"13":{"name":"(anonymous_13)","line":196,"loc":{"start":{"line":196,"column":28},"end":{"line":196,"column":42}}},"14":{"name":"(anonymous_14)","line":203,"loc":{"start":{"line":203,"column":34},"end":{"line":203,"column":58}}},"15":{"name":"(anonymous_15)","line":206,"loc":{"start":{"line":206,"column":22},"end":{"line":206,"column":37}}},"16":{"name":"(anonymous_16)","line":217,"loc":{"start":{"line":217,"column":20},"end":{"line":217,"column":31}}},"17":{"name":"(anonymous_17)","line":222,"loc":{"start":{"line":222,"column":43},"end":{"line":222,"column":54}}},"18":{"name":"(anonymous_18)","line":232,"loc":{"start":{"line":232,"column":41},"end":{"line":232,"column":65}}},"19":{"name":"(anonymous_19)","line":248,"loc":{"start":{"line":248,"column":38},"end":{"line":248,"column":62}}},"20":{"name":"(anonymous_20)","line":256,"loc":{"start":{"line":256,"column":40},"end":{"line":256,"column":63}}},"21":{"name":"(anonymous_21)","line":266,"loc":{"start":{"line":266,"column":37},"end":{"line":266,"column":60}}},"22":{"name":"(anonymous_22)","line":290,"loc":{"start":{"line":290,"column":74},"end":{"line":290,"column":90}}},"23":{"name":"(anonymous_23)","line":296,"loc":{"start":{"line":296,"column":54},"end":{"line":296,"column":70}}},"24":{"name":"(anonymous_24)","line":342,"loc":{"start":{"line":342,"column":46},"end":{"line":342,"column":65}}},"25":{"name":"(anonymous_25)","line":352,"loc":{"start":{"line":352,"column":40},"end":{"line":352,"column":51}}},"26":{"name":"logSummary","line":381,"loc":{"start":{"line":381,"column":4},"end":{"line":381,"column":31}}},"27":{"name":"(anonymous_27)","line":383,"loc":{"start":{"line":383,"column":23},"end":{"line":383,"column":38}}},"28":{"name":"(anonymous_28)","line":385,"loc":{"start":{"line":385,"column":31},"end":{"line":385,"column":47}}},"29":{"name":"logStack","line":392,"loc":{"start":{"line":392,"column":4},"end":{"line":392,"column":42}}},"30":{"name":"writeJunitXml","line":399,"loc":{"start":{"line":399,"column":4},"end":{"line":399,"column":39}}},"31":{"name":"(anonymous_31)","line":405,"loc":{"start":{"line":405,"column":30},"end":{"line":405,"column":50}}},"32":{"name":"(anonymous_32)","line":412,"loc":{"start":{"line":412,"column":33},"end":{"line":412,"column":44}}},"33":{"name":"(anonymous_33)","line":416,"loc":{"start":{"line":416,"column":49},"end":{"line":416,"column":60}}},"34":{"name":"(anonymous_34)","line":420,"loc":{"start":{"line":420,"column":38},"end":{"line":420,"column":52}}}},"statementMap":{"1":{"start":{"line":11,"column":0},"end":{"line":426,"column":2}},"2":{"start":{"line":14,"column":2},"end":{"line":16,"column":46}},"3":{"start":{"line":19,"column":2},"end":{"line":21,"column":28}},"4":{"start":{"line":24,"column":2},"end":{"line":24,"column":64}},"5":{"start":{"line":26,"column":2},"end":{"line":26,"column":76}},"6":{"start":{"line":28,"column":2},"end":{"line":28,"column":18}},"7":{"start":{"line":30,"column":2},"end":{"line":46,"column":4}},"8":{"start":{"line":50,"column":2},"end":{"line":68,"column":3}},"9":{"start":{"line":51,"column":4},"end":{"line":67,"column":6}},"10":{"start":{"line":70,"column":2},"end":{"line":128,"column":5}},"11":{"start":{"line":73,"column":4},"end":{"line":91,"column":7}},"12":{"start":{"line":93,"column":4},"end":{"line":95,"column":5}},"13":{"start":{"line":94,"column":6},"end":{"line":94,"column":31}},"14":{"start":{"line":97,"column":4},"end":{"line":97,"column":19}},"15":{"start":{"line":100,"column":4},"end":{"line":102,"column":5}},"16":{"start":{"line":101,"column":6},"end":{"line":101,"column":38}},"17":{"start":{"line":105,"column":4},"end":{"line":108,"column":5}},"18":{"start":{"line":106,"column":6},"end":{"line":106,"column":31}},"19":{"start":{"line":107,"column":6},"end":{"line":107,"column":13}},"20":{"start":{"line":110,"column":4},"end":{"line":110,"column":28}},"21":{"start":{"line":111,"column":4},"end":{"line":126,"column":7}},"22":{"start":{"line":112,"column":6},"end":{"line":112,"column":48}},"23":{"start":{"line":114,"column":6},"end":{"line":116,"column":7}},"24":{"start":{"line":115,"column":8},"end":{"line":115,"column":29}},"25":{"start":{"line":117,"column":6},"end":{"line":121,"column":7}},"26":{"start":{"line":118,"column":8},"end":{"line":118,"column":35}},"27":{"start":{"line":120,"column":8},"end":{"line":120,"column":53}},"28":{"start":{"line":123,"column":6},"end":{"line":125,"column":9}},"29":{"start":{"line":124,"column":8},"end":{"line":124,"column":22}},"30":{"start":{"line":130,"column":2},"end":{"line":150,"column":3}},"31":{"start":{"line":131,"column":4},"end":{"line":131,"column":31}},"32":{"start":{"line":133,"column":4},"end":{"line":138,"column":5}},"33":{"start":{"line":134,"column":6},"end":{"line":136,"column":7}},"34":{"start":{"line":135,"column":8},"end":{"line":135,"column":28}},"35":{"start":{"line":137,"column":6},"end":{"line":137,"column":44}},"36":{"start":{"line":140,"column":4},"end":{"line":140,"column":115}},"37":{"start":{"line":141,"column":4},"end":{"line":141,"column":26}},"38":{"start":{"line":143,"column":4},"end":{"line":149,"column":7}},"39":{"start":{"line":147,"column":8},"end":{"line":147,"column":24}},"40":{"start":{"line":152,"column":2},"end":{"line":164,"column":3}},"41":{"start":{"line":153,"column":4},"end":{"line":153,"column":29}},"42":{"start":{"line":155,"column":4},"end":{"line":157,"column":5}},"43":{"start":{"line":156,"column":6},"end":{"line":156,"column":33}},"44":{"start":{"line":159,"column":4},"end":{"line":163,"column":5}},"45":{"start":{"line":160,"column":6},"end":{"line":160,"column":45}},"46":{"start":{"line":162,"column":6},"end":{"line":162,"column":11}},"47":{"start":{"line":166,"column":2},"end":{"line":169,"column":3}},"48":{"start":{"line":167,"column":4},"end":{"line":167,"column":35}},"49":{"start":{"line":168,"column":4},"end":{"line":168,"column":40}},"50":{"start":{"line":171,"column":2},"end":{"line":424,"column":3}},"51":{"start":{"line":172,"column":4},"end":{"line":176,"column":21}},"52":{"start":{"line":178,"column":4},"end":{"line":180,"column":6}},"53":{"start":{"line":182,"column":4},"end":{"line":184,"column":5}},"54":{"start":{"line":183,"column":6},"end":{"line":183,"column":51}},"55":{"start":{"line":186,"column":4},"end":{"line":189,"column":7}},"56":{"start":{"line":187,"column":6},"end":{"line":187,"column":26}},"57":{"start":{"line":188,"column":6},"end":{"line":188,"column":60}},"58":{"start":{"line":191,"column":4},"end":{"line":194,"column":7}},"59":{"start":{"line":192,"column":6},"end":{"line":192,"column":26}},"60":{"start":{"line":193,"column":6},"end":{"line":193,"column":87}},"61":{"start":{"line":196,"column":4},"end":{"line":201,"column":7}},"62":{"start":{"line":197,"column":6},"end":{"line":197,"column":35}},"63":{"start":{"line":198,"column":6},"end":{"line":200,"column":7}},"64":{"start":{"line":199,"column":8},"end":{"line":199,"column":62}},"65":{"start":{"line":203,"column":4},"end":{"line":215,"column":7}},"66":{"start":{"line":204,"column":6},"end":{"line":214,"column":7}},"67":{"start":{"line":205,"column":8},"end":{"line":205,"column":52}},"68":{"start":{"line":206,"column":8},"end":{"line":210,"column":11}},"69":{"start":{"line":207,"column":10},"end":{"line":207,"column":53}},"70":{"start":{"line":208,"column":10},"end":{"line":208,"column":96}},"71":{"start":{"line":209,"column":10},"end":{"line":209,"column":46}},"72":{"start":{"line":212,"column":8},"end":{"line":212,"column":120}},"73":{"start":{"line":213,"column":8},"end":{"line":213,"column":27}},"74":{"start":{"line":217,"column":4},"end":{"line":220,"column":7}},"75":{"start":{"line":218,"column":6},"end":{"line":218,"column":68}},"76":{"start":{"line":219,"column":6},"end":{"line":219,"column":48}},"77":{"start":{"line":222,"column":4},"end":{"line":230,"column":7}},"78":{"start":{"line":223,"column":6},"end":{"line":223,"column":58}},"79":{"start":{"line":224,"column":6},"end":{"line":224,"column":49}},"80":{"start":{"line":225,"column":6},"end":{"line":225,"column":32}},"81":{"start":{"line":226,"column":6},"end":{"line":226,"column":30}},"82":{"start":{"line":227,"column":6},"end":{"line":227,"column":30}},"83":{"start":{"line":228,"column":6},"end":{"line":228,"column":31}},"84":{"start":{"line":229,"column":6},"end":{"line":229,"column":27}},"85":{"start":{"line":232,"column":4},"end":{"line":246,"column":7}},"86":{"start":{"line":233,"column":6},"end":{"line":233,"column":38}},"87":{"start":{"line":234,"column":6},"end":{"line":241,"column":8}},"88":{"start":{"line":242,"column":6},"end":{"line":245,"column":7}},"89":{"start":{"line":243,"column":8},"end":{"line":243,"column":47}},"90":{"start":{"line":244,"column":8},"end":{"line":244,"column":65}},"91":{"start":{"line":248,"column":4},"end":{"line":254,"column":7}},"92":{"start":{"line":249,"column":6},"end":{"line":249,"column":68}},"93":{"start":{"line":251,"column":6},"end":{"line":253,"column":7}},"94":{"start":{"line":252,"column":8},"end":{"line":252,"column":22}},"95":{"start":{"line":256,"column":4},"end":{"line":264,"column":7}},"96":{"start":{"line":257,"column":6},"end":{"line":257,"column":30}},"97":{"start":{"line":258,"column":6},"end":{"line":258,"column":34}},"98":{"start":{"line":259,"column":6},"end":{"line":263,"column":7}},"99":{"start":{"line":260,"column":8},"end":{"line":260,"column":99}},"100":{"start":{"line":261,"column":13},"end":{"line":263,"column":7}},"101":{"start":{"line":262,"column":8},"end":{"line":262,"column":41}},"102":{"start":{"line":266,"column":4},"end":{"line":350,"column":7}},"103":{"start":{"line":267,"column":6},"end":{"line":273,"column":8}},"104":{"start":{"line":275,"column":6},"end":{"line":275,"column":35}},"105":{"start":{"line":277,"column":6},"end":{"line":278,"column":27}},"106":{"start":{"line":279,"column":6},"end":{"line":305,"column":7}},"107":{"start":{"line":280,"column":8},"end":{"line":280,"column":30}},"108":{"start":{"line":281,"column":8},"end":{"line":281,"column":24}},"109":{"start":{"line":282,"column":8},"end":{"line":282,"column":25}},"110":{"start":{"line":283,"column":13},"end":{"line":305,"column":7}},"111":{"start":{"line":284,"column":8},"end":{"line":284,"column":30}},"112":{"start":{"line":285,"column":8},"end":{"line":285,"column":24}},"113":{"start":{"line":286,"column":8},"end":{"line":286,"column":22}},"114":{"start":{"line":287,"column":8},"end":{"line":287,"column":25}},"115":{"start":{"line":288,"column":8},"end":{"line":288,"column":40}},"116":{"start":{"line":289,"column":8},"end":{"line":289,"column":78}},"117":{"start":{"line":290,"column":8},"end":{"line":292,"column":11}},"118":{"start":{"line":291,"column":10},"end":{"line":291,"column":31}},"119":{"start":{"line":293,"column":8},"end":{"line":302,"column":11}},"120":{"start":{"line":297,"column":12},"end":{"line":300,"column":14}},"121":{"start":{"line":304,"column":8},"end":{"line":304,"column":31}},"122":{"start":{"line":307,"column":6},"end":{"line":307,"column":55}},"123":{"start":{"line":310,"column":6},"end":{"line":340,"column":7}},"124":{"start":{"line":311,"column":8},"end":{"line":322,"column":9}},"125":{"start":{"line":312,"column":10},"end":{"line":312,"column":37}},"126":{"start":{"line":313,"column":10},"end":{"line":313,"column":37}},"127":{"start":{"line":314,"column":10},"end":{"line":318,"column":12}},"128":{"start":{"line":319,"column":15},"end":{"line":322,"column":9}},"129":{"start":{"line":320,"column":10},"end":{"line":320,"column":40}},"130":{"start":{"line":321,"column":10},"end":{"line":321,"column":68}},"131":{"start":{"line":325,"column":8},"end":{"line":339,"column":9}},"132":{"start":{"line":327,"column":10},"end":{"line":329,"column":11}},"133":{"start":{"line":328,"column":12},"end":{"line":328,"column":72}},"134":{"start":{"line":332,"column":10},"end":{"line":338,"column":11}},"135":{"start":{"line":333,"column":12},"end":{"line":337,"column":14}},"136":{"start":{"line":342,"column":6},"end":{"line":348,"column":9}},"137":{"start":{"line":343,"column":8},"end":{"line":343,"column":45}},"138":{"start":{"line":344,"column":8},"end":{"line":346,"column":9}},"139":{"start":{"line":345,"column":10},"end":{"line":345,"column":92}},"140":{"start":{"line":347,"column":8},"end":{"line":347,"column":62}},"141":{"start":{"line":352,"column":4},"end":{"line":379,"column":7}},"142":{"start":{"line":353,"column":6},"end":{"line":353,"column":59}},"143":{"start":{"line":354,"column":6},"end":{"line":354,"column":102}},"144":{"start":{"line":356,"column":6},"end":{"line":356,"column":55}},"145":{"start":{"line":358,"column":6},"end":{"line":363,"column":7}},"146":{"start":{"line":360,"column":8},"end":{"line":360,"column":69}},"147":{"start":{"line":362,"column":8},"end":{"line":362,"column":66}},"148":{"start":{"line":365,"column":6},"end":{"line":367,"column":7}},"149":{"start":{"line":366,"column":8},"end":{"line":366,"column":28}},"150":{"start":{"line":369,"column":6},"end":{"line":372,"column":7}},"151":{"start":{"line":370,"column":8},"end":{"line":370,"column":28}},"152":{"start":{"line":371,"column":8},"end":{"line":371,"column":36}},"153":{"start":{"line":374,"column":6},"end":{"line":376,"column":7}},"154":{"start":{"line":375,"column":8},"end":{"line":375,"column":30}},"155":{"start":{"line":378,"column":6},"end":{"line":378,"column":75}},"156":{"start":{"line":381,"column":4},"end":{"line":390,"column":5}},"157":{"start":{"line":382,"column":6},"end":{"line":382,"column":71}},"158":{"start":{"line":383,"column":6},"end":{"line":389,"column":9}},"159":{"start":{"line":384,"column":8},"end":{"line":384,"column":106}},"160":{"start":{"line":385,"column":8},"end":{"line":388,"column":11}},"161":{"start":{"line":386,"column":10},"end":{"line":386,"column":66}},"162":{"start":{"line":387,"column":10},"end":{"line":387,"column":35}},"163":{"start":{"line":392,"column":4},"end":{"line":397,"column":5}},"164":{"start":{"line":393,"column":6},"end":{"line":393,"column":44}},"165":{"start":{"line":394,"column":6},"end":{"line":396,"column":7}},"166":{"start":{"line":395,"column":8},"end":{"line":395,"column":58}},"167":{"start":{"line":399,"column":4},"end":{"line":410,"column":5}},"168":{"start":{"line":400,"column":6},"end":{"line":400,"column":78}},"169":{"start":{"line":401,"column":6},"end":{"line":409,"column":7}},"170":{"start":{"line":402,"column":8},"end":{"line":402,"column":117}},"171":{"start":{"line":403,"column":8},"end":{"line":403,"column":94}},"172":{"start":{"line":405,"column":8},"end":{"line":408,"column":11}},"173":{"start":{"line":406,"column":10},"end":{"line":406,"column":111}},"174":{"start":{"line":407,"column":10},"end":{"line":407,"column":87}},"175":{"start":{"line":412,"column":4},"end":{"line":414,"column":7}},"176":{"start":{"line":413,"column":6},"end":{"line":413,"column":23}},"177":{"start":{"line":416,"column":4},"end":{"line":418,"column":7}},"178":{"start":{"line":417,"column":6},"end":{"line":417,"column":37}},"179":{"start":{"line":420,"column":4},"end":{"line":423,"column":7}},"180":{"start":{"line":421,"column":6},"end":{"line":421,"column":24}},"181":{"start":{"line":422,"column":6},"end":{"line":422,"column":68}}},"branchMap":{"1":{"line":50,"type":"if","locations":[{"start":{"line":50,"column":2},"end":{"line":50,"column":2}},{"start":{"line":50,"column":2},"end":{"line":50,"column":2}}]},"2":{"line":50,"type":"binary-expr","locations":[{"start":{"line":50,"column":6},"end":{"line":50,"column":13}},{"start":{"line":50,"column":17},"end":{"line":50,"column":45}}]},"3":{"line":93,"type":"if","locations":[{"start":{"line":93,"column":4},"end":{"line":93,"column":4}},{"start":{"line":93,"column":4},"end":{"line":93,"column":4}}]},"4":{"line":100,"type":"if","locations":[{"start":{"line":100,"column":4},"end":{"line":100,"column":4}},{"start":{"line":100,"column":4},"end":{"line":100,"column":4}}]},"5":{"line":105,"type":"if","locations":[{"start":{"line":105,"column":4},"end":{"line":105,"column":4}},{"start":{"line":105,"column":4},"end":{"line":105,"column":4}}]},"6":{"line":112,"type":"binary-expr","locations":[{"start":{"line":112,"column":20},"end":{"line":112,"column":24}},{"start":{"line":112,"column":28},"end":{"line":112,"column":47}}]},"7":{"line":114,"type":"if","locations":[{"start":{"line":114,"column":6},"end":{"line":114,"column":6}},{"start":{"line":114,"column":6},"end":{"line":114,"column":6}}]},"8":{"line":117,"type":"if","locations":[{"start":{"line":117,"column":6},"end":{"line":117,"column":6}},{"start":{"line":117,"column":6},"end":{"line":117,"column":6}}]},"9":{"line":133,"type":"if","locations":[{"start":{"line":133,"column":4},"end":{"line":133,"column":4}},{"start":{"line":133,"column":4},"end":{"line":133,"column":4}}]},"10":{"line":134,"type":"if","locations":[{"start":{"line":134,"column":6},"end":{"line":134,"column":6}},{"start":{"line":134,"column":6},"end":{"line":134,"column":6}}]},"11":{"line":155,"type":"if","locations":[{"start":{"line":155,"column":4},"end":{"line":155,"column":4}},{"start":{"line":155,"column":4},"end":{"line":155,"column":4}}]},"12":{"line":155,"type":"binary-expr","locations":[{"start":{"line":155,"column":8},"end":{"line":155,"column":27}},{"start":{"line":155,"column":31},"end":{"line":155,"column":68}}]},"13":{"line":159,"type":"if","locations":[{"start":{"line":159,"column":4},"end":{"line":159,"column":4}},{"start":{"line":159,"column":4},"end":{"line":159,"column":4}}]},"14":{"line":198,"type":"if","locations":[{"start":{"line":198,"column":6},"end":{"line":198,"column":6}},{"start":{"line":198,"column":6},"end":{"line":198,"column":6}}]},"15":{"line":204,"type":"if","locations":[{"start":{"line":204,"column":6},"end":{"line":204,"column":6}},{"start":{"line":204,"column":6},"end":{"line":204,"column":6}}]},"16":{"line":204,"type":"binary-expr","locations":[{"start":{"line":204,"column":10},"end":{"line":204,"column":15}},{"start":{"line":204,"column":19},"end":{"line":204,"column":31}}]},"17":{"line":242,"type":"if","locations":[{"start":{"line":242,"column":6},"end":{"line":242,"column":6}},{"start":{"line":242,"column":6},"end":{"line":242,"column":6}}]},"18":{"line":251,"type":"if","locations":[{"start":{"line":251,"column":6},"end":{"line":251,"column":6}},{"start":{"line":251,"column":6},"end":{"line":251,"column":6}}]},"19":{"line":259,"type":"if","locations":[{"start":{"line":259,"column":6},"end":{"line":259,"column":6}},{"start":{"line":259,"column":6},"end":{"line":259,"column":6}}]},"20":{"line":261,"type":"if","locations":[{"start":{"line":261,"column":13},"end":{"line":261,"column":13}},{"start":{"line":261,"column":13},"end":{"line":261,"column":13}}]},"21":{"line":279,"type":"if","locations":[{"start":{"line":279,"column":6},"end":{"line":279,"column":6}},{"start":{"line":279,"column":6},"end":{"line":279,"column":6}}]},"22":{"line":283,"type":"if","locations":[{"start":{"line":283,"column":13},"end":{"line":283,"column":13}},{"start":{"line":283,"column":13},"end":{"line":283,"column":13}}]},"23":{"line":310,"type":"if","locations":[{"start":{"line":310,"column":6},"end":{"line":310,"column":6}},{"start":{"line":310,"column":6},"end":{"line":310,"column":6}}]},"24":{"line":311,"type":"if","locations":[{"start":{"line":311,"column":8},"end":{"line":311,"column":8}},{"start":{"line":311,"column":8},"end":{"line":311,"column":8}}]},"25":{"line":319,"type":"if","locations":[{"start":{"line":319,"column":15},"end":{"line":319,"column":15}},{"start":{"line":319,"column":15},"end":{"line":319,"column":15}}]},"26":{"line":325,"type":"if","locations":[{"start":{"line":325,"column":8},"end":{"line":325,"column":8}},{"start":{"line":325,"column":8},"end":{"line":325,"column":8}}]},"27":{"line":327,"type":"if","locations":[{"start":{"line":327,"column":10},"end":{"line":327,"column":10}},{"start":{"line":327,"column":10},"end":{"line":327,"column":10}}]},"28":{"line":332,"type":"if","locations":[{"start":{"line":332,"column":10},"end":{"line":332,"column":10}},{"start":{"line":332,"column":10},"end":{"line":332,"column":10}}]},"29":{"line":344,"type":"if","locations":[{"start":{"line":344,"column":8},"end":{"line":344,"column":8}},{"start":{"line":344,"column":8},"end":{"line":344,"column":8}}]},"30":{"line":354,"type":"cond-expr","locations":[{"start":{"line":354,"column":80},"end":{"line":354,"column":88}},{"start":{"line":354,"column":91},"end":{"line":354,"column":100}}]},"31":{"line":358,"type":"if","locations":[{"start":{"line":358,"column":6},"end":{"line":358,"column":6}},{"start":{"line":358,"column":6},"end":{"line":358,"column":6}}]},"32":{"line":360,"type":"cond-expr","locations":[{"start":{"line":360,"column":40},"end":{"line":360,"column":55}},{"start":{"line":360,"column":58},"end":{"line":360,"column":68}}]},"33":{"line":365,"type":"if","locations":[{"start":{"line":365,"column":6},"end":{"line":365,"column":6}},{"start":{"line":365,"column":6},"end":{"line":365,"column":6}}]},"34":{"line":369,"type":"if","locations":[{"start":{"line":369,"column":6},"end":{"line":369,"column":6}},{"start":{"line":369,"column":6},"end":{"line":369,"column":6}}]},"35":{"line":369,"type":"binary-expr","locations":[{"start":{"line":369,"column":10},"end":{"line":369,"column":25}},{"start":{"line":369,"column":29},"end":{"line":369,"column":51}}]},"36":{"line":374,"type":"if","locations":[{"start":{"line":374,"column":6},"end":{"line":374,"column":6}},{"start":{"line":374,"column":6},"end":{"line":374,"column":6}}]},"37":{"line":374,"type":"binary-expr","locations":[{"start":{"line":374,"column":10},"end":{"line":374,"column":23}},{"start":{"line":374,"column":27},"end":{"line":374,"column":45}}]},"38":{"line":393,"type":"binary-expr","locations":[{"start":{"line":393,"column":19},"end":{"line":393,"column":24}},{"start":{"line":393,"column":28},"end":{"line":393,"column":30}}]},"39":{"line":394,"type":"binary-expr","locations":[{"start":{"line":394,"column":22},"end":{"line":394,"column":38}},{"start":{"line":394,"column":42},"end":{"line":394,"column":48}}]},"40":{"line":400,"type":"binary-expr","locations":[{"start":{"line":400,"column":37},"end":{"line":400,"column":59}},{"start":{"line":400,"column":63},"end":{"line":400,"column":76}}]},"41":{"line":401,"type":"if","locations":[{"start":{"line":401,"column":6},"end":{"line":401,"column":6}},{"start":{"line":401,"column":6},"end":{"line":401,"column":6}}]}},"code":["/*"," * grunt-contrib-jasmine"," * http://gruntjs.com/"," *"," * Copyright (c) 2016 GruntJS Team"," * Licensed under the MIT license."," */","","'use strict';","","module.exports = function(grunt) {","","  // node api","  var fs = require('fs'),","      path = require('path'),","      sprintf = require('sprintf-js').sprintf;","","  // npm lib","  var phantomjs = require('grunt-lib-phantomjs').init(grunt),","      chalk = require('chalk'),","      _ = require('lodash');","","  // local lib","  var jasmine = require('./lib/jasmine').init(grunt, phantomjs);","","  var junitTemplate = path.join(__dirname, '/jasmine/templates/JUnit.tmpl');","","  var status = {};","","  var symbols = {","    none: {","      check: '',","      error: '',","      splat: ''","    },","    short: {","      check: '.',","      error: 'X',","      splat: '*'","    },","    full: {","      check: '✓',","      error: 'X',","      splat: '*'","    }","  };","","  // With node.js on Windows: use symbols available in terminal default fonts","  // https://github.com/visionmedia/mocha/pull/641","  if (process && process.platform === 'win32') {","    symbols = {","      none: {","        check: '',","        error: '',","        splat: ''","      },","      short: {","        check: '.',","        error: '\\u00D7',","        splat: '*'","      },","      full: {","        check: '\\u221A',","        error: '\\u00D7',","        splat: '*'","      }","    };","  }","","  grunt.registerMultiTask('jasmine', 'Run Jasmine specs headlessly through PhantomJS.', function() {","","    // Merge task-specific options with these defaults.","    var options = this.options({","      version: '2.2.0',","      timeout: 10000,","      styles: [],","      specs: [],","      helpers: [],","      vendor: [],","      polyfills: [],","      customBootFile: null,","      tempDir: '.grunt/grunt-contrib-jasmine',","      outfile: '_SpecRunner.html',","      host: '',","      template: path.join(__dirname, '/jasmine/templates/DefaultRunner.tmpl'),","      templateOptions: {},","      junit: {},","      ignoreEmpty: grunt.option('force') === true,","      display: 'full',","      summary: false","    });","","    if (grunt.option('debug')) {","      grunt.log.debug(options);","    }","","    setup(options);","","    // The filter returned no spec files so skip phantom.","    if (!jasmine.buildSpecrunner(this.filesSrc, options)) {","      return removePhantomListeners();","    }","","    // If we're just building (e.g. for web), skip phantom.","    if (this.flags.build) {","      removePhantomListeners();","      return;","    }","","    var done = this.async();","    phantomRunner(options, function(err, status) {","      var success = !err && status.failed === 0;","","      if (err) {","        grunt.log.error(err);","      }","      if (status.failed === 0) {","        grunt.log.ok('0 failures');","      } else {","        grunt.log.error(status.failed + ' failures');","      }","","      teardown(options, function() {","        done(success);","      });","    });","","  });","","  function phantomRunner(options, cb) {","    var file = options.outfile;","","    if (options.host) {","      if (!(/\\/$/).test(options.host)) {","        options.host += '/';","      }","      file = options.host + options.outfile;","    }","","    grunt.verbose.subhead('Testing Jasmine specs via PhantomJS').or.writeln('Testing Jasmine specs via PhantomJS');","    grunt.log.writeln('');","","    phantomjs.spawn(file, {","      failCode: 90,","      options: options,","      done: function(err) {","        cb(err, status);","      }","    });","  }","","  function teardown(options, cb) {","    removePhantomListeners();","
[...]
   logSummary(thisRun.summary);","      }","","      if (options.junit && options.junit.path) {","        writeJunitXml(suites);","      }","","      grunt.log.writeln('\\n' + specQuantity + 'in ' + (dur / 1000) + 's.');","    });","","    function logSummary(tests) {","      grunt.log.writeln('Summary (' + tests.length + ' tests failed)');","      _.forEach(tests, function(test) {","        grunt.log.writeln(chalk.red(symbols[options.display].error) + ' ' + test.suite + ' ' + test.name);","        _.forEach(test.errors, function(error) {","          grunt.log.writeln(indent(2) + chalk.red(error.message));","          logStack(error.stack, 2);","        });","      });","    }","","    function logStack(stack, indentLevel) {","      var lines = (stack || '').split('\\n');","      for (var i = 0; i < lines.length && i < 11; i++) {","        grunt.log.writeln(indent(indentLevel) + lines[i]);","      }","    }","","    function writeJunitXml(testsuites) {","      var template = grunt.file.read(options.junit.template || junitTemplate);","      if (options.junit.consolidate) {","        var xmlFile = path.join(options.junit.path, 'TEST-' + testsuites.suite1.name.replace(/[^\\w]/g, '') + '.xml');","        grunt.file.write(xmlFile, _.template(template, { testsuites: _.values(testsuites) }));","      } else {","        _.forEach(testsuites, function(suiteData) {","          var xmlFile = path.join(options.junit.path, 'TEST-' + suiteData.name.replace(/[^\\w]/g, '') + '.xml');","          grunt.file.write(xmlFile, _.template(template, { testsuites: [suiteData] }));","        });","      }","    }","","    phantomjs.on('jasmine.done', function() {","      phantomjs.halt();","    });","","    phantomjs.on('jasmine.done.PhantomReporter', function() {","      phantomjs.emit('jasmine.done');","    });","","    phantomjs.on('jasmine.done_fail', function(url) {","      grunt.log.error();","      grunt.warn('PhantomJS unable to load \"' + url + '\" URI.', 90);","    });","  }","","};",""],"l":{"11":1,"14":0,"19":0,"24":0,"26":0,"28":0,"30":0,"50":0,"51":0,"70":0,"73":0,"93":0,"94":0,"97":0,"100":0,"101":0,"105":0,"106":0,"107":0,"110":0,"111":0,"112":0,"114":0,"115":0,"117":0,"118":0,"120":0,"123":0,"124":0,"130":1,"131":0,"133":0,"134":0,"135":0,"137":0,"140":0,"141":0,"143":0,"147":0,"152":1,"153":0,"155":0,"156":0,"159":0,"160":0,"162":0,"166":1,"167":0,"168":0,"171":1,"172":0,"178":0,"182":1,"183":0,"186":0,"187":0,"188":0,"191":0,"192":0,"193":0,"196":0,"197":0,"198":0,"199":0,"203":0,"204":0,"205":0,"206":0,"207":0,"208":0,"209":0,"212":0,"213":0,"217":0,"218":0,"219":0,"222":0,"223":0,"224":0,"225":0,"226":0,"227":0,"228":0,"229":0,"232":0,"233":0,"234":0,"242":0,"243":0,"244":0,"248":0,"249":0,"251":0,"252":0,"256":0,"257":0,"258":0,"259":0,"260":0,"261":0,"262":0,"266":0,"267":0,"275":0,"277":0,"279":0,"280":0,"281":0,"282":0,"283":0,"284":0,"285":0,"286":0,"287":0,"288":0,"289":0,"290":0,"291":0,"293":0,"297":0,"304":0,"307":0,"310":0,"311":0,"312":0,"313":0,"314":0,"319":0,"320":0,"321":0,"325":0,"327":0,"328":0,"332":0,"333":0,"342":0,"343":0,"344":0,"345":0,"347":0,"352":0,"353":0,"354":0,"356":0,"358":0,"360":0,"362":0,"365":0,"366":0,"369":0,"370":0,"371":0,"374":0,"375":0,"378":0,"381":1,"382":0,"383":0,"384":0,"385":0,"386":0,"387":0,"392":1,"393":0,"394":0,"395":0,"399":1,"400":0,"401":0,"402":0,"403":0,"405":0,"406":0,"407":0,"412":0,"413":0,"416":0,"417":0,"420":0,"421":0,"422":0}},"/home/travis/build/npmtest/node-npmtest-grunt-contrib-jasmine/node_modules/grunt-contrib-jasmine/tasks/lib/jasmine.js":{"path":"/home/travis/build/npmtest/node-npmtest-grunt-contrib-jasmine/node_modules/grunt-contrib-jasmine/tasks/lib/jasmine.js","s":{"1":1,"2":0,"3":0,"4":0,"5":0,"6":0,"7":0,"8":0,"9":0,"10":0,"11":0,"12":0,"13":0,"14":0,"15":0,"16":0,"17":0,"18":0,"19":0,"20":0,"21":0,"22":0,"23":0,"24":0,"25":0,"26":0,"27":0,"28":0,"29":0,"30":0,"31":0,"32":0,"33":0,"34":0,"35":0,"36":0,"37":0,"38":0,"39":0,"40":0,"41":0,"42":0,"43":0,"44":0,"45":0,"46":0,"47":0,"48":0,"49":0,"50":0,"51":0,"52":0,"53":0,"54":0,"55":1,"56":0,"57":0,"58":0,"59":0,"60":0,"61":0,"62":0,"63":0,"64":0,"65":0,"66":0,"67":0,"68":0,"69":0,"70":0,"71":0,"72":0},"b":{"1":[0,0],"2":[0,0],"3":[0,0],"4":[0,0],"5":[0,0],"6":[0,0],"7":[0,0],"8":[0,0],"9":[0,0],"10":[0,0],"11":[0,0],"12":[0,0],"13":[0,0]},"f":{"1":0,"2":0,"3":0,"4":0,"5":0,"6":0,"7":0,"8":0,"9":0,"10":0,"11":0,"12":0,"13":0,"14":0,"15":0},"fnMap":{"1":{"name":"(anonymous_1)","line":3,"loc":{"start":{"line":3,"column":15},"end":{"line":3,"column":42}}},"2":{"name":"(anonymous_2)","line":17,"loc":{"start":{"line":17,"column":26},"end":{"line":17,"column":51}}},"3":{"name":"(anonymous_3)","line":21,"loc":{"start":{"line":21,"column":25},"end":{"line":21,"column":45}}},"4":{"name":"(anonymous_4)","line":25,"loc":{"start":{"line":25,"column":22},"end":{"line":25,"column":44}}},"5":{"name":"(anonymous_5)","line":26,"loc":{"start":{"line":26,"column":20},"end":{"line":26,"column":31}}},"6":{"name":"(anonymous_6)","line":37,"loc":{"start":{"line":37,"column":28},"end":{"line":37,"column":51}}},"7":{"name":"(anonymous_7)","line":59,"loc":{"start":{"line":59,"column":83},"end":{"line":59,"column":98}}},"8":{"name":"(anonymous_8)","line":64,"loc":{"start":{"line":64,"column":43},"end":{"line":64,"column":58}}},"9":{"name":"(anonymous_9)","line":75,"loc":{"start":{"line":75,"column":55},"end":{"line":75,"column":70}}},"10":{"name":"(anonymous_10)","line":83,"loc":{"start":{"line":83,"column":55},"end":{"line":83,"column":70}}},"11":{"name":"(anonymous_11)","line":121,"loc":{"start":{"line":121,"column":17},"end":{"line":121,"column":31}}},"12":{"name":"(anonymous_12)","line":131,"loc":{"start":{"line":131,"column":32},"end":{"line":131,"column":68}}},"13":{"name":"(anonymous_13)","line":135,"loc":{"start":{"line":135,"column":68},"end":{"line":135,"column":83}}},"14":{"name":"specFilter","line":142,"loc":{"start":{"line":142,"column":2},"end":{"line":142,"column":38}}},"15":{"name":"(anonymous_15)","line":147,"loc":{"start":{"line":147,"column":18},"end":{"line":147,"column":33}}}},"statementMap":{"1":{"start":{"line":3,"column":0},"end":{"line":181,"column":2}},"2":{"start":{"line":5,"column":2},"end":{"line":6,"column":29}},"3":{"start":{"line":9,"column":2},"end":{"line":11,"column":47}},"4":{"start":{"line":13,"column":2},"end":{"line":13,"column":20}},"5":{"start":{"line":15,"column":2},"end":{"line":15,"column":19}},"6":{"start":{"line":17,"column":2},"end":{"line":19,"column":4}},"7":{"start":{"line":18,"column":4},"end":{"line":18,"column":37}},"8":{"start":{"line":21,"column":2},"end":{"line":23,"column":4}},"9":{"start":{"line":22,"column":4},"end":{"line":22,"column":31}},"10":{"start":{"line":25,"column":2},"end":{"line":35,"column":4}},"11":{"start":{"line":26,"column":4},"end":{"line":34,"column":7}},"12":{"start":{"line":27,"column":6},"end":{"line":33,"column":7}},"13":{"start":{"line":29,"column":8},"end":{"line":29,"column":31}},"14":{"start":{"line":32,"column":8},"end":{"line":32,"column":13}},"15":{"start":{"line":37,"column":2},"end":{"line":129,"column":4}},"16":{"start":{"line":38,"column":4},"end":{"line":44,"column":73}},"17":{"start":{"line":48,"column":4},"end":{"line":55,"column":5}},"18":{"start":{"line":49,"column":6},"end":{"line":49,"column":61}},"19":{"start":{"line":51,"column":6},"end":{"line":54,"column":7}},"20":{"start":{"line":52,"column":8},"end":{"line":52,"column":103}},"21":{"start":{"line":53,"column":8},"end":{"line":53,"column":20}},"22":{"start":{"line":57,"column":4},"end":{"line":57,"column":126}},"23":{"start":{"line":59,"column":4},"end":{"line":62,"column":7}},"24":{"start":{"line":60,"column":6},"end":{"line":60,"column":63}},"25":{"start":{"line":61,"column":6},"end":{"line":61,"column":62}},"26":{"start":{"line":64,"column":4},"end":{"line":67,"column":7}},"27":{"start":{"line":65,"column":6},"end":{"line":65,"column":66}},"28":{"start":{"line":66,"column":6},"end":{"line":66,"column":62}},"29":{"start":{"line":69,"column":4},"end":{"line":69,"column":134}},"30":{"start":{"line":71,"column":4},"end":{"line":73,"column":6}},"31":{"start":{"line":75,"column":4},"end":{"line":77,"column":7}},"32":{"start":{"line":76,"column":6},"end":{"line":76,"column":38}},"33":{"start":{"line":79,"column":4},"end":{"line":79,"column":51}},"34":{"start":{"line":81,"column":4},"end":{"line":81,"column":49}},"35":{"start":{"line":83,"column":4},"end":{"line":85,"column":7}},"36":{"start":{"line":84,"column":6},"end":{"line":84,"column":38}},"37":{"start":{"line":87,"column":4},"end":{"line":87,"column":40}},"38":{"start":{"line":89,"column":4},"end":{"line":91,"column":5}},"39":{"start":{"line":90,"column":6},"end":{"line":90,"column":40}},"40":{"start":{"line":93,"column":4},"end":{"line":109,"column":6}},"41":{"start":{"line":111,"column":4},"end":{"line":126,"column":5}},"42":{"start":{"line":112,"column":6},"end":{"line":116,"column":8}},"43":{"start":{"line":117,"column":6},"end":{"line":117,"column":62}},"44":{"start":{"line":118,"column":6},"end":{"line":118,"column":43}},"45":{"start":{"line":120,"column":6},"end":{"line":125,"column":9}},"46":{"start":{"line":122,"column":10},"end":{"line":122,"column":44}},"47":{"start":{"line":123,"column":10},"end":{"line":123,"column":24}},"48":{"start":{"line":128,"column":4},"end":{"line":128,"column":18}},"49":{"start":{"line":131,"column":2},"end":{"line":139,"column":4}},"50":{"start":{"line":132,"column":4},"end":{"line":132,"column":67}},"51":{"start":{"line":133,"column":4},"end":{"line":133,"column":28}},"52":{"start":{"line":135,"column":4},"end":{"line":137,"column":7}},"53":{"start":{"line":136,"column":6},"end":{"line":136,"column":94}},"54":{"start":{"line":138,"column":4},"end":{"line":138,"column":17}},"55":{"start":{"line":142,"column":2},"end":{"line":178,"column":3}},"56":{"start":{"line":143,"column":4},"end":{"line":149,"column":8}},"57":{"start":{"line":148,"column":8},"end":{"line":148,"column":41}},"58":{"start":{"line":151,"column":4},"end":{"line":175,"column":5}},"59":{"start":{"line":153,"column":6},"end":{"line":153,"column":72}},"60":{"start":{"line":155,"column":6},"end":{"line":155,"column":40}},"61":{"start":{"line":157,"column":6},"end":{"line":172,"column":7}},"62":{"start":{"line":158,"column":8},"end":{"line":158,"column":47}},"63":{"start":{"line":160,"column":8},"end":{"line":171,"column":9}},"64":{"start":{"line":161,"column":10},"end":{"line":167,"column":11}},"65":{"start":{"line":162,"column":12},"end":{"line":162,"column":75}},"66":{"start":{"line":163,"column":17},"end":{"line":167,"column":11}},"67":{"start":{"line":164,"column":12},"end":{"line":164,"column":74}},"68":{"start":{"line":166,"column":12},"end":{"line":166,"column":82}},"69":{"start":{"line":170,"column":10},"end":{"line":170,"column":62}},"70":{"start":{"line":174,"column":6},"end":{"line":174,"column":42}},"71":{"start":{"line":177,"column":4},"end":{"line":177,"column":25}},"72":{"start":{"line":180,"column":2},"end":{"line":180,"column":17}}},"branchMap":{"1":{"line":27,"type":"if","locations":[{"start":{"line":27,"column":6},"end":{"line":27,"column":6}},{"start":{"line":27,"column":6},"end":{"line":27,"column":6}}]},"2":{"line":48,"type":"if","locations":[{"start":{"line":48,"column":4},"end":{"line":48,"column":4}},{"start":{"line":48,"column":4},"end":{"line":48,"column":4}}]},"3":{"line":51,"type":"if","locations":[{"start":{"line":51,"column":6},"end":{"line":51,"column":6}},{"start":{"line":51,"column":6},"end":{"line":51,"column":6}}]},"4":{"line":89,"type":"if","locations":[{"start":{"line":89,"column":4},"end":{"line":89,"column":4}},{"start":{"line":89,"column":4},"end":{"line":89,"column":4}}]},"5":{"line":108,"type":"binary-expr","locations":[{"start":{"line":108,"column":15},"end":{"line":108,"column":38}},{"start":{"line":108,"column":42},"end":{"line":108,"column":44}}]},"6":{"line":111,"type":"if","locations":[{"start":{"line":111,"column":4},"end":{"line":111,"column":4}},{"start":{"line":111,"column":4},"end":{"line":111,"column":4}}]},"7":{"line":132,"type":"cond-expr","locations":[{"start":{"line":132,"column":43},"end":{"line":132,"column":51}},{"start":{"line":132,"column":54},"end":{"line":132,"column":66}}]},"8":{"line":133,"type":"binary-expr","locations":[{"start":{"line":133,"column":14},"end":{"line":133,"column":21}},{"start":{"line":133,"column":25},"end":{"line":133,"column":27}}]},"9":{"line":136,"type":"cond-expr","locations":[{"start":{"line":136,"column":39},"end":{"line":136,"column":43}},{"start":{"line":136,"column":46},"end":{"line":136,"column":93}}]},"10":{"line":151,"type":"if","locations":[{"start":{"line":151,"column":4},"end":{"line":151,"column":4}},{"start":{"line":151,"column":4},"end":{"line":151,"column":4}}]},"11":{"line":160,"type":"if","locations":[{"start":{"line":160,"column":8},"end":{"line":160,"column":8}},{"start":{"line":160,"column":8},"end":{"line":160,"column":8}}]},"12":{"line":161,"type":"if","locations":[{"start":{"line":161,"column":10},"end":{"line":161,"column":10}},{"start":{"line":161,"column":10},"end":{"line":161,"column":10}}]},"13":{"line":163,"type":"if","locations":[{"start":{"line":163,"column":17},"end":{"line":163,"column":17}},{"start":{"line":163,"column":17},"end":{"line":163,"column":17}}]}},"code":["'use strict';","","exports.init = function(grunt, phantomjs) {","  // node api","  var fs = require('fs'),","      path = require('path');","","  // npm","  var rimraf = require('rimraf'),","      _ = require('lodash'),","      jasmineRequire = require('jasmine-core');","","  var baseDir = '.';","","  var exports = {};","","  exports.writeTempFile = function(dest, contents) {","    grunt.file.write(dest, contents);","  };","","  exports.copyTempFile = function(src, dest) {","    grunt.file.copy(src, dest);","  };","","  exports.cleanTemp = function(tempDir, cb) {","    rimraf(tempDir, function() {","      if(tempDir === '.grunt/grunt-contrib-jasmine') {","        // if this fails, then ./.grunt isn't empty and that's ok.","        fs.rmdir('.grunt', cb);","      } else {","        // don't delete parent directory of a custom directory.","        cb();","      }","    });","  };","","  exports.buildSpecrunner = function(src, options) {","    var source = '',","      tempDir = options.tempDir,","      outfile = options.outfile,","      specrunner = path.join(baseDir, outfile),","      outdir = path.dirname(outfile),","      gruntfilter = grunt.option('filter'),","      filteredSpecs = exports.getRelativeFileList(outdir, options.specs);","","    // Let's filter through the spec files here,","    // there's no need to go on if no specs matches","    if (gruntfilter) {","      filteredSpecs = specFilter(gruntfilter, filteredSpecs);","","      if (filteredSpecs.length === 0) {","        grunt.log.warn('the --filter flag did not match any spec within ' + grunt.task.current.target);","        return null;","      }","    }","","    exports.copyTempFile(path.join(__dirname, '/../jasmine/reporters/PhantomReporter.js'), path.join(tempDir, 'reporter.js'));","","    [].concat(jasmineRequire.files.cssFiles, jasmineRequire.files.jsFiles).forEach(function(name) {","      var srcPath = path.join(jasmineRequire.files.path, name);","      exports.copyTempFile(srcPath, path.join(tempDir, name));","    });","","    jasmineRequire.files.bootFiles.forEach(function(name) {","      var srcPath = path.join(jasmineRequire.files.bootDir, name);","      exports.copyTempFile(srcPath, path.join(tempDir, name));","    });","","    exports.copyTempFile(path.join(jasmineRequire.files.imagesDir, 'jasmine_favicon.png'), path.join(tempDir, 'jasmine_favicon.png'));","","    var reporters = [","      tempDir + '/reporter.js'","    ];","","    var jasmineCss = jasmineRequire.files.cssFiles.map(function(name) {","      return path.join(tempDir, name);","    });","","    jasmineCss = jasmineCss.concat(options.styles);","","    var polyfills = [].concat(options.polyfills);","","    var jasmineCore = jasmineRequire.files.jsFiles.map(function(name) {","      return path.join(tempDir, name);","    });","","    var bootFile = tempDir + '/boot.js';","","    if (options.customBootFile !== null) {","      bootFile = options.customBootFile;","    }","","    var context = {","      temp: tempDir,","      outfile: outfile,","      favicon: path.join(tempDir, 'jasmine_favicon.png'),","      css: exports.getRelativeFileList(outdir, jasmineCss, { nonull: true }),","      scripts: {","        polyfills: exports.getRelativeFileList(outdir, polyfills),","        jasmine: exports.getRelativeFileList(outdir, jasmineCore),","        helpers: exports.getRelativeFileList(outdir, options.helpers, { nonull: true }),","        specs: filteredSpecs,","        src: exports.getRelativeFileList(outdir, src, { nonull: true }),","        vendor: exports.getRelativeFileList(outdir, options.vendor, { nonull: true }),","        reporters: exports.getRelativeFileList(outdir, reporters),","        boot: exports.getRelativeFileList(outdir, bootFile)","      },","      options: options.templateOptions || {}","    };","","    if (options.template.process) {","      var task = {","        writeTempFile: exports.writeTempFile,","        copyTempFile: exports.copyTempFile,","        phantomjs: phantomjs","      };","      source = options.template.process(grunt, task, context);","      grunt.file.write(specrunner, source);","    } else {","      grunt.file.copy(options.template, specrunner, {","        process: function(src) {","          source = _.template(src, context);","          return source;","        }","      });","    }","","    return source;","  };","","  exports.getRelativeFileList = function(outdir, patterns, options) {","    patterns = patterns instanceof Array ? patterns : [ patterns ];","    options = options || {};","","    var files = grunt.file.expand(options, _.compact(patterns)).map(function(file) {","      return (/^https?:/).test(file) ? file : path.relative(outdir, file).replace(/\\\\/g, '/');","    });","    return files;","  };","","  // Allows for a spec file to be specified via the command line","  function specFilter(pattern, files) {","    var specPattern,","      patternArray,","      filteredArray = [],","      scriptSpecs = [],","      matchPath = function(path) {","        return !!path.match(specPattern);","      };","","    if (pattern) {","      // For '*' to work as a wildcard.","      pattern = pattern.split('*').join('[\\\\S]*').replace(/\\./g, '\\\\.');","      // This allows for comma separated strings to which we can match the spec files.","      patternArray = pattern.split(',');","","      while (patternArray.length > 0) {","        pattern = patternArray.splice(0, 1)[0];","","        if (pattern.length > 0) {","          if (pattern.indexOf('/') === -1) {","            specPattern = new RegExp('(' + pattern + '[^/]*)(?!/)$', 'ig');","          } else if (pattern.indexOf('/') === 0) {","            specPattern = new RegExp('(' + pattern + '[^/]*)(?=/)', 'ig');","          } else {","            throw new TypeError('--filter flag seems to be in the wrong format.');","          }","","          // push is usually faster than concat.","          [].push.apply(scriptSpecs, files.filter(matchPath));","        }","      }","","      filteredArray = _.uniq(scriptSpecs);","    }","","    return filteredArray;","  }","","  return exports;","};",""],"l":{"3":1,"5":0,"9":0,"13":0,"15":0,"17":0,"18":0,"21":0,"22":0,"25":0,"26":0,"27":0,"29":0,"32":0,"37":0,"38":0,"48":0,"49":0,"51":0,"52":0,"53":0,"57":0,"59":0,"60":0,"61":0,"64":0,"65":0,"66":0,"69":0,"71":0,"75":0,"76":0,"79":0,"81":0,"83":0,"84":0,"87":0,"89":0,"90":0,"93":0,"111":0,"112":0,"117":0,"118":0,"120":0,"122":0,"123":0,"128":0,"131":0,"132":0,"133":0,"135":0,"136":0,"138":0,"142":1,"143":0,"148":0,"151":0,"153":0,"155":0,"157":0,"158":0,"160":0,"161":0,"162":0,"163":0,"164":0,"166":0,"170":0,"174":0,"177":0,"180":0}}}